#
# There is insufficient memory for the Java Runtime Environment to continue.
# Native memory allocation (malloc) failed to allocate 752336 bytes for Chunk::new
# Possible reasons:
#   The system is out of physical RAM or swap space
#   The process is running with CompressedOops enabled, and the Java Heap may be blocking the growth of the native heap
# Possible solutions:
#   Reduce memory load on the system
#   Increase physical memory or swap space
#   Check if swap backing store is full
#   Decrease Java heap size (-Xmx/-Xms)
#   Decrease number of Java threads
#   Decrease Java thread stack sizes (-Xss)
#   Set larger code cache with -XX:ReservedCodeCacheSize=
#   JVM is running with Unscaled Compressed Oops mode in which the Java heap is
#     placed in the first 4GB address space. The Java Heap base address is the
#     maximum limit for the native heap growth. Please use -XX:HeapBaseMinAddress
#     to set the Java Heap base and to place the Java Heap above 4GB virtual address.
# This output file may be truncated or incomplete.
#
#  Out of Memory Error (allocation.cpp:389), pid=9084, tid=0x0000000000000b4c
#
# JRE version: OpenJDK Runtime Environment (8.0_242-b01) (build 1.8.0_242-release-1644-b01)
# Java VM: OpenJDK 64-Bit Server VM (25.242-b01 mixed mode windows-amd64 compressed oops)
# Failed to write core dump. Minidumps are not enabled by default on client versions of Windows
#

---------------  T H R E A D  ---------------

Current thread (0x0000000017986000):  JavaThread "C2 CompilerThread0" daemon [_thread_in_native, id=2892, stack(0x0000000019000000,0x0000000019100000)]

Stack: [0x0000000019000000,0x0000000019100000]
[error occurred during error reporting (printing stack bounds), id 0xc0000005]

Native frames: (J=compiled Java code, j=interpreted, Vv=VM code, C=native code)


Current CompileTask:
C2:  25220 6794       4       java.net.URLClassLoader$1::run (5 bytes)


---------------  P R O C E S S  ---------------

Java Threads: ( => current thread )
  0x000000001bcf2000 JavaThread "Cache worker for execution history cache (C:\Users\infod\AndroidStudioProjects\HelloWorld\.gradle\6.1.1\executionHistory)" [_thread_blocked, id=2012, stack(0x0000000024f90000,0x0000000025090000)]
  0x000000001bcf9000 JavaThread "Execution worker for ':' Thread 3" [_thread_blocked, id=11960, stack(0x0000000024e90000,0x0000000024f90000)]
  0x000000001bcf1800 JavaThread "Execution worker for ':' Thread 2" [_thread_blocked, id=5116, stack(0x0000000024d90000,0x0000000024e90000)]
  0x000000001bcf8000 JavaThread "Execution worker for ':'" [_thread_in_vm, id=5668, stack(0x0000000024860000,0x0000000024960000)]
  0x000000001bcf7800 JavaThread "Cache worker for file content cache (C:\Users\infod\AndroidStudioProjects\HelloWorld\.gradle\6.1.1\fileContent)" [_thread_blocked, id=13792, stack(0x0000000024560000,0x0000000024660000)]
  0x000000001bcf6800 JavaThread "Cache worker for file content cache (C:\Users\infod\.gradle\caches\6.1.1\fileContent)" [_thread_blocked, id=6104, stack(0x0000000024460000,0x0000000024560000)]
  0x000000001bcef000 JavaThread "Memory manager" [_thread_blocked, id=14184, stack(0x0000000024360000,0x0000000024460000)]
  0x000000001bcee800 JavaThread "Cache worker for Build Output Cleanup Cache (C:\Users\infod\AndroidStudioProjects\HelloWorld\.gradle\buildOutputCleanup)" [_thread_blocked, id=11916, stack(0x00000000231b0000,0x00000000232b0000)]
  0x000000001bcf4800 JavaThread "Build operations Thread 4" [_thread_blocked, id=6852, stack(0x00000000230b0000,0x00000000231b0000)]
  0x000000001bcf3800 JavaThread "Build operations Thread 3" [_thread_blocked, id=13060, stack(0x0000000021d10000,0x0000000021e10000)]
  0x000000001bcf0800 JavaThread "Build operations Thread 2" [_thread_blocked, id=2968, stack(0x000000001fa20000,0x000000001fb20000)]
  0x000000001bcf0000 JavaThread "Build operations" [_thread_blocked, id=8172, stack(0x000000001f920000,0x000000001fa20000)]
  0x000000001b54b800 JavaThread "Cache worker for execution history cache (C:\Users\infod\.gradle\caches\6.1.1\executionHistory)" [_thread_blocked, id=9716, stack(0x000000001f220000,0x000000001f320000)]
  0x000000001b54e800 JavaThread "Cache worker for cache directory md-rule (C:\Users\infod\.gradle\caches\6.1.1\md-rule)" [_thread_blocked, id=3708, stack(0x000000001f120000,0x000000001f220000)]
  0x000000001b54a000 JavaThread "Cache worker for cache directory md-supplier (C:\Users\infod\.gradle\caches\6.1.1\md-supplier)" [_thread_blocked, id=13572, stack(0x000000001f020000,0x000000001f120000)]
  0x000000001b550800 JavaThread "Cache worker for file hash cache (C:\Users\infod\AndroidStudioProjects\HelloWorld\.gradle\6.1.1\fileHashes)" [_thread_blocked, id=9408, stack(0x000000001eb20000,0x000000001ec20000)]
  0x000000001b54c000 JavaThread "Cache worker for checksums cache (C:\Users\infod\AndroidStudioProjects\HelloWorld\.gradle\checksums)" [_thread_blocked, id=4648, stack(0x000000001ea20000,0x000000001eb20000)]
  0x000000001b54f000 JavaThread "Cache worker for file hash cache (C:\Users\infod\.gradle\caches\6.1.1\fileHashes)" [_thread_blocked, id=9080, stack(0x000000001d750000,0x000000001d850000)]
  0x000000001b550000 JavaThread "File lock request listener" [_thread_in_native, id=2388, stack(0x000000001d650000,0x000000001d750000)]
  0x000000001b54a800 JavaThread "Cache worker for journal cache (C:\Users\infod\.gradle\caches\journal-1)" [_thread_blocked, id=12380, stack(0x000000001d550000,0x000000001d650000)]
  0x00000000193c3800 JavaThread "Thread-9" [_thread_blocked, id=9092, stack(0x000000001d250000,0x000000001d350000)]
  0x0000000019c11000 JavaThread "Stdin handler" [_thread_blocked, id=9388, stack(0x000000001d150000,0x000000001d250000)]
  0x00000000193ad800 JavaThread "Asynchronous log dispatcher for DefaultDaemonConnection: socket connection from /127.0.0.1:64469 to /127.0.0.1:64470" [_thread_blocked, id=9512, stack(0x000000001d050000,0x000000001d150000)]
  0x00000000193ae800 JavaThread "Daemon worker" [_thread_blocked, id=11920, stack(0x000000001cf50000,0x000000001d050000)]
  0x00000000193d1800 JavaThread "Cancel handler" [_thread_blocked, id=10452, stack(0x000000001ce50000,0x000000001cf50000)]
  0x000000001b0cb000 JavaThread "Handler for socket connection from /127.0.0.1:64469 to /127.0.0.1:64470" [_thread_in_native, id=1176, stack(0x000000001cb50000,0x000000001cc50000)]
  0x000000001b0c8000 JavaThread "Daemon" [_thread_blocked, id=3508, stack(0x000000001ca50000,0x000000001cb50000)]
  0x000000001b4a3000 JavaThread "Daemon periodic checks" [_thread_blocked, id=7464, stack(0x000000001c950000,0x000000001ca50000)]
  0x000000001b4a0000 JavaThread "Incoming local TCP Connector on port 64469" [_thread_in_native, id=5300, stack(0x000000001c6e0000,0x000000001c7e0000)]
  0x000000001b38e800 JavaThread "Daemon health stats" [_thread_blocked, id=1756, stack(0x000000001c0a0000,0x000000001c1a0000)]
  0x00000000179dd800 JavaThread "Service Thread" daemon [_thread_blocked, id=7108, stack(0x0000000019700000,0x0000000019800000)]
  0x00000000179ab000 JavaThread "C1 CompilerThread2" daemon [_thread_blocked, id=8204, stack(0x0000000019200000,0x0000000019300000)]
  0x0000000017997800 JavaThread "C2 CompilerThread1" daemon [_thread_in_native, id=8952, stack(0x0000000019100000,0x0000000019200000)]
=>0x0000000017986000 JavaThread "C2 CompilerThread0" daemon [_thread_in_native, id=2892, stack(0x0000000019000000,0x0000000019100000)]
  0x0000000017983800 JavaThread "Attach Listener" daemon [_thread_blocked, id=10656, stack(0x0000000018f00000,0x0000000019000000)]
  0x0000000017982000 JavaThread "Signal Dispatcher" daemon [_thread_blocked, id=10900, stack(0x0000000018e00000,0x0000000018f00000)]
  0x0000000002d5c000 JavaThread "Finalizer" daemon [_thread_blocked, id=7628, stack(0x0000000018be0000,0x0000000018ce0000)]
  0x0000000002d51000 JavaThread "Reference Handler" daemon [_thread_blocked, id=5404, stack(0x0000000018ae0000,0x0000000018be0000)]
  0x000000000114e800 JavaThread "main" [_thread_blocked, id=3644, stack(0x0000000002a60000,0x0000000002b60000)]

Other Threads:
  0x0000000017947000 VMThread [stack: 0x00000000189e0000,0x0000000018ae0000] [id=9488]
  0x0000000019331800 WatcherThread [stack: 0x0000000019800000,0x0000000019900000] [id=8136]

VM state:not at safepoint (normal execution)

VM Mutex/Monitor currently owned by a thread: None

heap address: 0x0000000080000000, size: 2048 MB, Compressed Oops mode: 32-bit
Narrow klass base: 0x0000000000000000, Narrow klass shift: 3
Compressed class space size: 1073741824 Address: 0x0000000100000000

Heap:
 PSYoungGen      total 237056K, used 110379K [0x00000000d5580000, 0x00000000e5680000, 0x0000000100000000)
  eden space 219648K, 50% used [0x00000000d5580000,0x00000000dc14af18,0x00000000e2c00000)
  from space 17408K, 0% used [0x00000000e4080000,0x00000000e4080000,0x00000000e5180000)
  to   space 20992K, 0% used [0x00000000e2c00000,0x00000000e2c00000,0x00000000e4080000)
 ParOldGen       total 136704K, used 32868K [0x0000000080000000, 0x0000000088580000, 0x00000000d5580000)
  object space 136704K, 24% used [0x0000000080000000,0x00000000820192d8,0x0000000088580000)
 Metaspace       used 61694K, capacity 64260K, committed 64432K, reserved 1103872K
  class space    used 8517K, capacity 9047K, committed 9136K, reserved 1048576K

Card table byte_map: [0x0000000012120000,0x0000000012530000] byte_map_base: 0x0000000011d20000

Marking Bits: (ParMarkBitMap*) 0x000000005425f030
 Begin Bits: [0x0000000012be0000, 0x0000000014be0000)
 End Bits:   [0x0000000014be0000, 0x0000000016be0000)

Polling page: 0x0000000001130000

CodeCache: size=245760Kb used=19285Kb max_used=19285Kb free=226474Kb
 bounds [0x0000000002d60000, 0x0000000004050000, 0x0000000011d60000]
 total_blobs=6699 nmethods=5905 adapters=706
 compilation: enabled

Compilation events (10 events):
Event: 25.216 Thread 0x00000000179ab000 nmethod 6808 0x00000000034a80d0 code [0x00000000034a8220, 0x00000000034a8330]
Event: 25.217 Thread 0x00000000179ab000 6809       3       com.sun.org.apache.xerces.internal.dom.NodeImpl::isOwned (27 bytes)
Event: 25.217 Thread 0x00000000179ab000 nmethod 6809 0x000000000311ff50 code [0x00000000031200a0, 0x0000000003120250]
Event: 25.217 Thread 0x00000000179ab000 6811       3       com.sun.org.apache.xerces.internal.dom.NamedNodeMapImpl::item (41 bytes)
Event: 25.217 Thread 0x00000000179ab000 nmethod 6811 0x00000000038c4990 code [0x00000000038c4b20, 0x00000000038c4f98]
Event: 25.217 Thread 0x00000000179ab000 6813       3       com.sun.org.apache.xerces.internal.dom.NodeImpl::setOwnerDocument (24 bytes)
Event: 25.218 Thread 0x00000000179ab000 nmethod 6813 0x00000000038c39d0 code [0x00000000038c3b60, 0x00000000038c4088]
Event: 25.218 Thread 0x00000000179ab000 6814       1       com.sun.org.apache.xerces.internal.dom.NodeImpl::getFirstChild (2 bytes)
Event: 25.218 Thread 0x00000000179ab000 nmethod 6814 0x000000000311fc50 code [0x000000000311fda0, 0x000000000311feb0]
Event: 25.218 Thread 0x00000000179ab000 6815       3       com.sun.org.apache.xerces.internal.dom.ChildNode::parentNode (16 bytes)

GC Heap History (10 events):
Event: 13.517 GC heap before
{Heap before GC invocations=9 (full 1):
 PSYoungGen      total 103936K, used 47533K [0x00000000d5580000, 0x00000000e1080000, 0x0000000100000000)
  eden space 92160K, 40% used [0x00000000d5580000,0x00000000d7992608,0x00000000daf80000)
  from space 11776K, 89% used [0x00000000daf80000,0x00000000db9d9120,0x00000000dbb00000)
  to   space 12800K, 0% used [0x00000000e0400000,0x00000000e0400000,0x00000000e1080000)
 ParOldGen       total 65536K, used 7409K [0x0000000080000000, 0x0000000084000000, 0x00000000d5580000)
  object space 65536K, 11% used [0x0000000080000000,0x000000008073c568,0x0000000084000000)
 Metaspace       used 34567K, capacity 35406K, committed 35496K, reserved 1079296K
  class space    used 4739K, capacity 4974K, committed 5040K, reserved 1048576K
Event: 13.561 GC heap after
Heap after GC invocations=9 (full 1):
 PSYoungGen      total 178688K, used 8327K [0x00000000d5580000, 0x00000000e1380000, 0x0000000100000000)
  eden space 165888K, 0% used [0x00000000d5580000,0x00000000d5580000,0x00000000df780000)
  from space 12800K, 65% used [0x00000000e0400000,0x00000000e0c21c38,0x00000000e1080000)
  to   space 12800K, 0% used [0x00000000df780000,0x00000000df780000,0x00000000e0400000)
 ParOldGen       total 65536K, used 7409K [0x0000000080000000, 0x0000000084000000, 0x00000000d5580000)
  object space 65536K, 11% used [0x0000000080000000,0x000000008073c568,0x0000000084000000)
 Metaspace       used 34567K, capacity 35406K, committed 35496K, reserved 1079296K
  class space    used 4739K, capacity 4974K, committed 5040K, reserved 1048576K
}
Event: 13.561 GC heap before
{Heap before GC invocations=10 (full 2):
 PSYoungGen      total 178688K, used 8327K [0x00000000d5580000, 0x00000000e1380000, 0x0000000100000000)
  eden space 165888K, 0% used [0x00000000d5580000,0x00000000d5580000,0x00000000df780000)
  from space 12800K, 65% used [0x00000000e0400000,0x00000000e0c21c38,0x00000000e1080000)
  to   space 12800K, 0% used [0x00000000df780000,0x00000000df780000,0x00000000e0400000)
 ParOldGen       total 65536K, used 7409K [0x0000000080000000, 0x0000000084000000, 0x00000000d5580000)
  object space 65536K, 11% used [0x0000000080000000,0x000000008073c568,0x0000000084000000)
 Metaspace       used 34567K, capacity 35406K, committed 35496K, reserved 1079296K
  class space    used 4739K, capacity 4974K, committed 5040K, reserved 1048576K
Event: 13.786 GC heap after
Heap after GC invocations=10 (full 2):
 PSYoungGen      total 178688K, used 0K [0x00000000d5580000, 0x00000000e1380000, 0x0000000100000000)
  eden space 165888K, 0% used [0x00000000d5580000,0x00000000d5580000,0x00000000df780000)
  from space 12800K, 0% used [0x00000000e0400000,0x00000000e0400000,0x00000000e1080000)
  to   space 12800K, 0% used [0x00000000df780000,0x00000000df780000,0x00000000e0400000)
 ParOldGen       total 93184K, used 14834K [0x0000000080000000, 0x0000000085b00000, 0x00000000d5580000)
  object space 93184K, 15% used [0x0000000080000000,0x0000000080e7ca80,0x0000000085b00000)
 Metaspace       used 34567K, capacity 35406K, committed 35496K, reserved 1079296K
  class space    used 4739K, capacity 4974K, committed 5040K, reserved 1048576K
}
Event: 18.399 GC heap before
{Heap before GC invocations=11 (full 2):
 PSYoungGen      total 178688K, used 165888K [0x00000000d5580000, 0x00000000e1380000, 0x0000000100000000)
  eden space 165888K, 100% used [0x00000000d5580000,0x00000000df780000,0x00000000df780000)
  from space 12800K, 0% used [0x00000000e0400000,0x00000000e0400000,0x00000000e1080000)
  to   space 12800K, 0% used [0x00000000df780000,0x00000000df780000,0x00000000e0400000)
 ParOldGen       total 93184K, used 14834K [0x0000000080000000, 0x0000000085b00000, 0x00000000d5580000)
  object space 93184K, 15% used [0x0000000080000000,0x0000000080e7ca80,0x0000000085b00000)
 Metaspace       used 49451K, capacity 50954K, committed 51376K, reserved 1093632K
  class space    used 6609K, capacity 6969K, committed 7088K, reserved 1048576K
Event: 18.425 GC heap after
Heap after GC invocations=11 (full 2):
 PSYoungGen      total 178688K, used 12784K [0x00000000d5580000, 0x00000000e5180000, 0x0000000100000000)
  eden space 165888K, 0% used [0x00000000d5580000,0x00000000d5580000,0x00000000df780000)
  from space 12800K, 99% used [0x00000000df780000,0x00000000e03fc158,0x00000000e0400000)
  to   space 17408K, 0% used [0x00000000e4080000,0x00000000e4080000,0x00000000e5180000)
 ParOldGen       total 93184K, used 22503K [0x0000000080000000, 0x0000000085b00000, 0x00000000d5580000)
  object space 93184K, 24% used [0x0000000080000000,0x00000000815f9fa8,0x0000000085b00000)
 Metaspace       used 49451K, capacity 50954K, committed 51376K, reserved 1093632K
  class space    used 6609K, capacity 6969K, committed 7088K, reserved 1048576K
}
Event: 21.371 GC heap before
{Heap before GC invocations=12 (full 2):
 PSYoungGen      total 178688K, used 112553K [0x00000000d5580000, 0x00000000e5180000, 0x0000000100000000)
  eden space 165888K, 60% used [0x00000000d5580000,0x00000000db6ee398,0x00000000df780000)
  from space 12800K, 99% used [0x00000000df780000,0x00000000e03fc158,0x00000000e0400000)
  to   space 17408K, 0% used [0x00000000e4080000,0x00000000e4080000,0x00000000e5180000)
 ParOldGen       total 93184K, used 22503K [0x0000000080000000, 0x0000000085b00000, 0x00000000d5580000)
  object space 93184K, 24% used [0x0000000080000000,0x00000000815f9fa8,0x0000000085b00000)
 Metaspace       used 57078K, capacity 59016K, committed 59160K, reserved 1099776K
  class space    used 7817K, capacity 8277K, committed 8368K, reserved 1048576K
Event: 21.451 GC heap after
Heap after GC invocations=12 (full 2):
 PSYoungGen      total 237056K, used 17402K [0x00000000d5580000, 0x00000000e5680000, 0x0000000100000000)
  eden space 219648K, 0% used [0x00000000d5580000,0x00000000d5580000,0x00000000e2c00000)
  from space 17408K, 99% used [0x00000000e4080000,0x00000000e517e978,0x00000000e5180000)
  to   space 20992K, 0% used [0x00000000e2c00000,0x00000000e2c00000,0x00000000e4080000)
 ParOldGen       total 93184K, used 26070K [0x0000000080000000, 0x0000000085b00000, 0x00000000d5580000)
  object space 93184K, 27% used [0x0000000080000000,0x00000000819759d0,0x0000000085b00000)
 Metaspace       used 57078K, capacity 59016K, committed 59160K, reserved 1099776K
  class space    used 7817K, capacity 8277K, committed 8368K, reserved 1048576K
}
Event: 21.451 GC heap before
{Heap before GC invocations=13 (full 3):
 PSYoungGen      total 237056K, used 17402K [0x00000000d5580000, 0x00000000e5680000, 0x0000000100000000)
  eden space 219648K, 0% used [0x00000000d5580000,0x00000000d5580000,0x00000000e2c00000)
  from space 17408K, 99% used [0x00000000e4080000,0x00000000e517e978,0x00000000e5180000)
  to   space 20992K, 0% used [0x00000000e2c00000,0x00000000e2c00000,0x00000000e4080000)
 ParOldGen       total 93184K, used 26070K [0x0000000080000000, 0x0000000085b00000, 0x00000000d5580000)
  object space 93184K, 27% used [0x0000000080000000,0x00000000819759d0,0x0000000085b00000)
 Metaspace       used 57078K, capacity 59016K, committed 59160K, reserved 1099776K
  class space    used 7817K, capacity 8277K, committed 8368K, reserved 1048576K
Event: 21.798 GC heap after
Heap after GC invocations=13 (full 3):
 PSYoungGen      total 237056K, used 0K [0x00000000d5580000, 0x00000000e5680000, 0x0000000100000000)
  eden space 219648K, 0% used [0x00000000d5580000,0x00000000d5580000,0x00000000e2c00000)
  from space 17408K, 0% used [0x00000000e4080000,0x00000000e4080000,0x00000000e5180000)
  to   space 20992K, 0% used [0x00000000e2c00000,0x00000000e2c00000,0x00000000e4080000)
 ParOldGen       total 136704K, used 32868K [0x0000000080000000, 0x0000000088580000, 0x00000000d5580000)
  object space 136704K, 24% used [0x0000000080000000,0x00000000820192d8,0x0000000088580000)
 Metaspace       used 57078K, capacity 59016K, committed 59160K, reserved 1099776K
  class space    used 7817K, capacity 8277K, committed 8368K, reserved 1048576K
}

Deoptimization events (10 events):
Event: 24.530 Thread 0x000000001bcf8000 Uncommon trap: reason=class_check action=maybe_recompile pc=0x0000000003d058e0 method=com.sun.org.apache.xerces.internal.dom.NamedNodeMapImpl.findNamePoint(Ljava/lang/String;I)I @ 54
Event: 24.687 Thread 0x000000001bcf8000 Uncommon trap: reason=unstable_if action=reinterpret pc=0x000000000302177c method=sun.nio.cs.UTF_8$Decoder.decode([BII[C)I @ 30
Event: 24.687 Thread 0x000000001bcf8000 Uncommon trap: reason=unstable_if action=reinterpret pc=0x0000000003a531d4 method=java.lang.StringCoding.safeTrim([CILjava/nio/charset/Charset;Z)[C @ 3
Event: 24.691 Thread 0x000000001bcf8000 Uncommon trap: reason=bimorphic action=maybe_recompile pc=0x0000000003ff4a58 method=com.sun.org.apache.xerces.internal.dom.AttributeMap.setNamedItem(Lorg/w3c/dom/Node;)Lorg/w3c/dom/Node; @ 4
Event: 24.692 Thread 0x000000001bcf8000 Uncommon trap: reason=bimorphic action=maybe_recompile pc=0x0000000003ff4a58 method=com.sun.org.apache.xerces.internal.dom.AttributeMap.setNamedItem(Lorg/w3c/dom/Node;)Lorg/w3c/dom/Node; @ 4
Event: 24.700 Thread 0x000000001bcf8000 Uncommon trap: reason=unstable_if action=reinterpret pc=0x0000000003a55268 method=java.lang.StringCoding.safeTrim([CILjava/nio/charset/Charset;Z)[C @ 3
Event: 24.703 Thread 0x000000001bcf8000 Uncommon trap: reason=bimorphic action=maybe_recompile pc=0x0000000003ff4a58 method=com.sun.org.apache.xerces.internal.dom.AttributeMap.setNamedItem(Lorg/w3c/dom/Node;)Lorg/w3c/dom/Node; @ 4
Event: 24.703 Thread 0x000000001bcf8000 Uncommon trap: reason=bimorphic action=maybe_recompile pc=0x0000000003ff4a58 method=com.sun.org.apache.xerces.internal.dom.AttributeMap.setNamedItem(Lorg/w3c/dom/Node;)Lorg/w3c/dom/Node; @ 4
Event: 25.215 Thread 0x000000001bcf8000 Uncommon trap: reason=unstable_if action=reinterpret pc=0x0000000003710d24 method=com.sun.org.apache.xerces.internal.dom.NodeImpl.hasStringValue(Z)V @ 2
Event: 25.215 Thread 0x000000001bcf8000 Uncommon trap: reason=unstable_if action=reinterpret pc=0x000000000349f8a0 method=com.sun.org.apache.xerces.internal.dom.NodeImpl.isOwned(Z)V @ 2

Classes redefined (0 events):
No events

Internal exceptions (10 events):
Event: 23.579 Thread 0x000000001bcf3800 Exception <a 'java/lang/NoSuchMethodError': java.lang.Object.lambda$identity$2(Ljava/lang/Object;)Ljava/lang/Object;> (0x00000000d8e34410) thrown at [C:\src\AOSP-openjdk-git\hotspot\src\share\vm\interpreter\linkResolver.cpp, line 620]
Event: 23.585 Thread 0x000000001bcf0000 Exception <a 'java/lang/NoSuchMethodError': java.lang.Object.lambda$flatMap$1(Ljava/util/function/Function;Lorg/gradle/internal/Try;)Lorg/gradle/api/internal/artifacts/transform/CacheableInvocation;> (0x00000000d8ba5d98) thrown at [C:\src\AOSP-openjdk-git
Event: 23.585 Thread 0x000000001bcf0800 Exception <a 'java/lang/NoSuchMethodError': java.lang.Object.lambda$flatMap$1(Ljava/util/function/Function;Lorg/gradle/internal/Try;)Lorg/gradle/api/internal/artifacts/transform/CacheableInvocation;> (0x00000000d8c458e0) thrown at [C:\src\AOSP-openjdk-git
Event: 23.585 Thread 0x000000001bcf0800 Exception <a 'java/lang/NoSuchMethodError': java.lang.Object.lambda$flatMap$4(Ljava/util/function/Function;)Lorg/gradle/api/internal/artifacts/transform/CacheableInvocation;> (0x00000000d8c496d8) thrown at [C:\src\AOSP-openjdk-git\hotspot\src\share\vm\int
Event: 23.585 Thread 0x000000001bcf0000 Exception <a 'java/lang/NoSuchMethodError': java.lang.Object.lambda$flatMap$3(Ljava/util/function/Function;)Lorg/gradle/internal/Try;> (0x00000000d8bad588) thrown at [C:\src\AOSP-openjdk-git\hotspot\src\share\vm\interpreter\linkResolver.cpp, line 620]
Event: 23.586 Thread 0x000000001bcf0800 Exception <a 'java/lang/NoSuchMethodError': java.lang.Object.lambda$flatMap$3(Ljava/util/function/Function;)Lorg/gradle/internal/Try;> (0x00000000d8c4e408) thrown at [C:\src\AOSP-openjdk-git\hotspot\src\share\vm\interpreter\linkResolver.cpp, line 620]
Event: 23.656 Thread 0x000000001bcf0000 Exception <a 'java/lang/NoSuchMethodError': java.lang.Object.lambda$flatMap$2(Ljava/util/function/Function;Ljava/lang/Object;)Lorg/gradle/internal/Try;> (0x00000000d92c2220) thrown at [C:\src\AOSP-openjdk-git\hotspot\src\share\vm\interpreter\linkResolver.
Event: 23.656 Thread 0x000000001bcf0800 Exception <a 'java/lang/NoSuchMethodError': java.lang.Object.lambda$flatMap$2(Ljava/util/function/Function;Ljava/lang/Object;)Lorg/gradle/internal/Try;> (0x00000000d9083428) thrown at [C:\src\AOSP-openjdk-git\hotspot\src\share\vm\interpreter\linkResolver.
Event: 24.001 Thread 0x000000001bcf4800 Exception <a 'java/lang/NoSuchMethodError': java.lang.Object.lambda$flatMap$0(Ljava/lang/Throwable;)Lorg/gradle/api/internal/artifacts/transform/CacheableInvocation;> (0x00000000d8d05fa0) thrown at [C:\src\AOSP-openjdk-git\hotspot\src\share\vm\interpreter
Event: 24.349 Thread 0x000000001bcf8000 Implicit null exception at 0x0000000003beaade to 0x0000000003beac61

Events (10 events):
Event: 25.215 loading class com/sun/org/apache/xerces/internal/dom/CoreDOMImplementationImpl done
Event: 25.215 loading class com/sun/org/apache/xerces/internal/dom/DOMImplementationImpl done
Event: 25.215 loading class com/sun/org/apache/xerces/internal/dom/DeferredDOMImplementationImpl
Event: 25.215 loading class com/sun/org/apache/xerces/internal/dom/DeferredDOMImplementationImpl done
Event: 25.215 Thread 0x000000001bcf8000 Uncommon trap: trap_request=0xffffff65 fr.pc=0x0000000003710d24
Event: 25.215 Thread 0x000000001bcf8000 DEOPT PACKING pc=0x0000000003710d24 sp=0x000000002495ae70
Event: 25.215 Thread 0x000000001bcf8000 DEOPT UNPACKING pc=0x0000000002da557b sp=0x000000002495ae10 mode 2
Event: 25.215 Thread 0x000000001bcf8000 Uncommon trap: trap_request=0xffffff65 fr.pc=0x000000000349f8a0
Event: 25.215 Thread 0x000000001bcf8000 DEOPT PACKING pc=0x000000000349f8a0 sp=0x000000002495af40
Event: 25.215 Thread 0x000000001bcf8000 DEOPT UNPACKING pc=0x0000000002da557b sp=0x000000002495aee0 mode 2


Dynamic libraries:
0x00007ff78b610000 - 0x00007ff78b641000 	C:\Program Files\Android\Android Studio\jre\bin\java.exe
0x00007ffbc8750000 - 0x00007ffbc8946000 	C:\Windows\SYSTEM32\ntdll.dll
0x00007ffbc85a0000 - 0x00007ffbc865d000 	C:\Windows\System32\KERNEL32.DLL
0x00007ffbc6160000 - 0x00007ffbc6429000 	C:\Windows\System32\KERNELBASE.dll
0x00007ffbc7080000 - 0x00007ffbc712c000 	C:\Windows\System32\ADVAPI32.dll
0x00007ffbc84d0000 - 0x00007ffbc856e000 	C:\Windows\System32\msvcrt.dll
0x00007ffbc7280000 - 0x00007ffbc731c000 	C:\Windows\System32\sechost.dll
0x00007ffbc6d50000 - 0x00007ffbc6e7b000 	C:\Windows\System32\RPCRT4.dll
0x00007ffbc7460000 - 0x00007ffbc7600000 	C:\Windows\System32\USER32.dll
0x00007ffbc6590000 - 0x00007ffbc65b2000 	C:\Windows\System32\win32u.dll
0x00007ffbc7610000 - 0x00007ffbc763a000 	C:\Windows\System32\GDI32.dll
0x00007ffbc6670000 - 0x00007ffbc677b000 	C:\Windows\System32\gdi32full.dll
0x00007ffbc5f10000 - 0x00007ffbc5fad000 	C:\Windows\System32\msvcp_win.dll
0x00007ffbc5fb0000 - 0x00007ffbc60b0000 	C:\Windows\System32\ucrtbase.dll
0x00007ffbb3690000 - 0x00007ffbb392b000 	C:\Windows\WinSxS\amd64_microsoft.windows.common-controls_6595b64144ccf1df_6.0.19041.746_none_ca02b4b61b8320a4\COMCTL32.dll
0x00007ffbc7250000 - 0x00007ffbc7280000 	C:\Windows\System32\IMM32.DLL
0x0000000055700000 - 0x00000000557d2000 	C:\Program Files\Android\Android Studio\jre\jre\bin\msvcr100.dll
0x0000000053a90000 - 0x00000000542db000 	C:\Program Files\Android\Android Studio\jre\jre\bin\server\jvm.dll
0x00007ffbc8590000 - 0x00007ffbc8598000 	C:\Windows\System32\PSAPI.DLL
0x00007ffbc0640000 - 0x00007ffbc064a000 	C:\Windows\SYSTEM32\VERSION.dll
0x00007ffbb65f0000 - 0x00007ffbb6617000 	C:\Windows\SYSTEM32\WINMM.dll
0x00007ffbc1100000 - 0x00007ffbc1109000 	C:\Windows\SYSTEM32\WSOCK32.dll
0x00007ffbc6e80000 - 0x00007ffbc6eeb000 	C:\Windows\System32\WS2_32.dll
0x00007ffbb64b0000 - 0x00007ffbb64bf000 	C:\Program Files\Android\Android Studio\jre\jre\bin\verify.dll
0x00007ffb980e0000 - 0x00007ffb98109000 	C:\Program Files\Android\Android Studio\jre\jre\bin\java.dll
0x00007ffbb0c40000 - 0x00007ffbb0c56000 	C:\Program Files\Android\Android Studio\jre\jre\bin\zip.dll
0x00007ffbc7ab0000 - 0x00007ffbc81f3000 	C:\Windows\System32\SHELL32.dll
0x00007ffbc3ff0000 - 0x00007ffbc477f000 	C:\Windows\SYSTEM32\windows.storage.dll
0x00007ffbc6960000 - 0x00007ffbc6cb6000 	C:\Windows\System32\combase.dll
0x00007ffbc58f0000 - 0x00007ffbc591c000 	C:\Windows\SYSTEM32\Wldp.dll
0x00007ffbc7330000 - 0x00007ffbc73de000 	C:\Windows\System32\SHCORE.dll
0x00007ffbc8470000 - 0x00007ffbc84c5000 	C:\Windows\System32\shlwapi.dll
0x00007ffbc5dc0000 - 0x00007ffbc5de6000 	C:\Windows\SYSTEM32\profapi.dll
0x00007ffba3c10000 - 0x00007ffba3c2a000 	C:\Program Files\Android\Android Studio\jre\jre\bin\net.dll
0x00007ffbc5670000 - 0x00007ffbc56da000 	C:\Windows\system32\mswsock.dll
0x00007ffb92e40000 - 0x00007ffb92e53000 	C:\Program Files\Android\Android Studio\jre\jre\bin\nio.dll
0x00007ffb98050000 - 0x00007ffb98076000 	C:\Users\infod\.gradle\native\31\windows-amd64\native-platform.dll
0x00007ffbb5880000 - 0x00007ffbb588d000 	C:\Program Files\Android\Android Studio\jre\jre\bin\management.dll
0x00007ffbc5850000 - 0x00007ffbc5868000 	C:\Windows\SYSTEM32\CRYPTSP.dll
0x00007ffbc4fa0000 - 0x00007ffbc4fd4000 	C:\Windows\system32\rsaenh.dll
0x00007ffbc6780000 - 0x00007ffbc67a7000 	C:\Windows\System32\bcrypt.dll
0x00007ffbc5d80000 - 0x00007ffbc5dae000 	C:\Windows\SYSTEM32\USERENV.dll
0x00007ffbc5e90000 - 0x00007ffbc5f10000 	C:\Windows\System32\bcryptprimitives.dll
0x00007ffbc5840000 - 0x00007ffbc584c000 	C:\Windows\SYSTEM32\CRYPTBASE.dll
0x00007ffbc5310000 - 0x00007ffbc534b000 	C:\Windows\SYSTEM32\IPHLPAPI.DLL
0x00007ffbc7320000 - 0x00007ffbc7328000 	C:\Windows\System32\NSI.dll
0x00007ffbbe830000 - 0x00007ffbbe847000 	C:\Windows\SYSTEM32\dhcpcsvc6.DLL
0x00007ffbbfb00000 - 0x00007ffbbfb1d000 	C:\Windows\SYSTEM32\dhcpcsvc.DLL
0x00007ffbc5360000 - 0x00007ffbc542b000 	C:\Windows\SYSTEM32\DNSAPI.dll

VM Arguments:
jvm_args: -Xmx2048m -Dfile.encoding=windows-1252 -Duser.country=ES -Duser.language=es -Duser.variant 
java_command: org.gradle.launcher.daemon.bootstrap.GradleDaemon 6.1.1
java_class_path (initial): C:\Users\infod\.gradle\wrapper\dists\gradle-6.1.1-all\cfmwm155h49vnt3hynmlrsdst\gradle-6.1.1\lib\gradle-launcher-6.1.1.jar
Launcher Type: SUN_STANDARD

Environment Variables:
JAVA_HOME=C:\Program Files (x86)\Java\jdk1.8.0_111
PATH=C:\Program Files (x86)\Common Files\Intel\Shared Libraries\redist\intel64\compiler;C:\Program Files (x86)\Common Files\Oracle\Java\javapath;C:\ProgramData\Oracle\Java\javapath;C:\Program Files\nodejs\;C:\wamp64\bin\php\php7.3.21;C:\Windows\system32;C:\Windows;C:\Windows\System32\Wbem;C:\Windows\System32\WindowsPowerShell\v1.0\;C:\Windows\System32\OpenSSH\;C:\Program Files\Git\cmd;C:\Program Files (x86)\Java\jdk1.8.0_111\bin;;C:\Program Files (x86)\NVIDIA Corporation\PhysX\Common;C:\Program Files\NVIDIA Corporation\NVIDIA NvDLISR;C:\Users\infod\AppData\Local\Microsoft\WindowsApps;C:\Users\infod\AppData\Local\Programs\Microsoft VS Code\bin;C:\Users\infod\AppData\Roaming\npm;C:\Users\infod\AppData\Local\atom\bin;C:\src\flutter\bin;
USERNAME=infod
OS=Windows_NT
PROCESSOR_IDENTIFIER=Intel64 Family 6 Model 78 Stepping 3, GenuineIntel



---------------  S Y S T E M  ---------------

OS: Windows 10.0 , 64 bit Build 19041 (10.0.19041.662)

CPU:total 4 (initial active 4) (2 cores per cpu, 2 threads per core) family 6 model 78 stepping 3, cmov, cx8, fxsr, mmx, sse, sse2, sse3, ssse3, sse4.1, sse4.2, popcnt, avx, avx2, aes, clmul, erms, 3dnowpref, lzcnt, ht, tsc, tscinvbit, bmi1, bmi2, adx

Memory: 4k page, physical 12486560k(1843020k free), swap 12486560k(4288k free)

vm_info: OpenJDK 64-Bit Server VM (25.242-b01) for windows-amd64 JRE (1.8.0_242-release-1644-b01), built by "builder" with MS VC++ 10.0 (VS2010)

time: Tue Jan 26 12:08:52 2021
timezone: Hora estándar romance
elapsed time: 25 seconds (0d 0h 0m 25s)

