#
# There is insufficient memory for the Java Runtime Environment to continue.
# Native memory allocation (malloc) failed to allocate 1664448 bytes for Chunk::new
# Possible reasons:
#   The system is out of physical RAM or swap space
#   The process is running with CompressedOops enabled, and the Java Heap may be blocking the growth of the native heap
# Possible solutions:
#   Reduce memory load on the system
#   Increase physical memory or swap space
#   Check if swap backing store is full
#   Decrease Java heap size (-Xmx/-Xms)
#   Decrease number of Java threads
#   Decrease Java thread stack sizes (-Xss)
#   Set larger code cache with -XX:ReservedCodeCacheSize=
#   JVM is running with Unscaled Compressed Oops mode in which the Java heap is
#     placed in the first 4GB address space. The Java Heap base address is the
#     maximum limit for the native heap growth. Please use -XX:HeapBaseMinAddress
#     to set the Java Heap base and to place the Java Heap above 4GB virtual address.
# This output file may be truncated or incomplete.
#
#  Out of Memory Error (allocation.cpp:389), pid=10620, tid=0x0000000000003954
#
# JRE version: OpenJDK Runtime Environment (8.0_242-b01) (build 1.8.0_242-release-1644-b01)
# Java VM: OpenJDK 64-Bit Server VM (25.242-b01 mixed mode windows-amd64 compressed oops)
# Failed to write core dump. Minidumps are not enabled by default on client versions of Windows
#

---------------  T H R E A D  ---------------

Current thread (0x00000000174d6000):  JavaThread "C2 CompilerThread0" daemon [_thread_in_native, id=14676, stack(0x0000000018b50000,0x0000000018c50000)]

Stack: [0x0000000018b50000,0x0000000018c50000]
[error occurred during error reporting (printing stack bounds), id 0xc0000005]

Native frames: (J=compiled Java code, j=interpreted, Vv=VM code, C=native code)


Current CompileTask:
C2:1298525 20956       4       org.objectweb.asm.ClassReader::readCode (5089 bytes)


---------------  P R O C E S S  ---------------

Java Threads: ( => current thread )
  0x000000001e780800 JavaThread "stdout" [_thread_in_native, id=14800, stack(0x0000000029400000,0x0000000029500000)]
  0x000000001e781000 JavaThread "stderr" [_thread_in_native, id=5692, stack(0x0000000029300000,0x0000000029400000)]
  0x000000001e77f800 JavaThread "stdout" [_thread_in_native, id=1332, stack(0x0000000029200000,0x0000000029300000)]
  0x000000001a4f7800 JavaThread "stderr" [_thread_in_native, id=7264, stack(0x0000000029100000,0x0000000029200000)]
  0x000000001a4f5000 JavaThread "stdout" [_thread_in_native, id=15792, stack(0x0000000028f00000,0x0000000029000000)]
  0x000000001a4f0800 JavaThread "stderr" [_thread_in_native, id=3900, stack(0x0000000028c80000,0x0000000028d80000)]
  0x000000001a4f4800 JavaThread "stdout" [_thread_in_native, id=16172, stack(0x0000000028b80000,0x0000000028c80000)]
  0x000000001a4f3800 JavaThread "stderr" [_thread_in_native, id=6096, stack(0x0000000028a80000,0x0000000028b80000)]
  0x000000001a4f3000 JavaThread "pool-4-thread-1" [_thread_blocked, id=11980, stack(0x0000000028e00000,0x0000000028f00000)]
  0x000000001a4f2000 JavaThread "WorkerExecutor Queue Thread 4" [_thread_blocked, id=16068, stack(0x0000000028980000,0x0000000028a80000)]
  0x000000001a4f6000 JavaThread "WorkerExecutor Queue Thread 3" [_thread_blocked, id=7136, stack(0x0000000028880000,0x0000000028980000)]
  0x000000001a4f1800 JavaThread "WorkerExecutor Queue Thread 2" [_thread_blocked, id=15684, stack(0x0000000028780000,0x0000000028880000)]
  0x000000001a4ef000 JavaThread "WorkerExecutor Queue" [_thread_blocked, id=13612, stack(0x0000000028380000,0x0000000028480000)]
  0x000000001a4ed800 JavaThread "Cache worker for execution history cache (C:\Users\infod\AndroidStudioProjects\HelloWorld\.gradle\6.1.1\executionHistory)" [_thread_blocked, id=12020, stack(0x0000000028280000,0x0000000028380000)]
  0x000000001a4ee800 JavaThread "Execution worker for ':' Thread 3" [_thread_in_native, id=8488, stack(0x0000000027100000,0x0000000027200000)]
  0x000000001a4e8800 JavaThread "Execution worker for ':' Thread 2" [_thread_blocked, id=15996, stack(0x0000000027000000,0x0000000027100000)]
  0x000000001a4ed000 JavaThread "Execution worker for ':'" [_thread_blocked, id=7356, stack(0x0000000025f10000,0x0000000026010000)]
  0x000000001a4ea800 JavaThread "Cache worker for file content cache (C:\Users\infod\AndroidStudioProjects\HelloWorld\.gradle\6.1.1\fileContent)" [_thread_blocked, id=11080, stack(0x0000000025e10000,0x0000000025f10000)]
  0x000000001a4ea000 JavaThread "Cache worker for file content cache (C:\Users\infod\.gradle\caches\6.1.1\fileContent)" [_thread_blocked, id=9108, stack(0x00000000253f0000,0x00000000254f0000)]
  0x000000001a4ec000 JavaThread "Memory manager" [_thread_blocked, id=6168, stack(0x00000000246f0000,0x00000000247f0000)]
  0x000000001a4eb800 JavaThread "Cache worker for Build Output Cleanup Cache (C:\Users\infod\AndroidStudioProjects\HelloWorld\.gradle\buildOutputCleanup)" [_thread_blocked, id=3844, stack(0x00000000239f0000,0x0000000023af0000)]
  0x00000000174df000 JavaThread "Build operations Thread 4" [_thread_blocked, id=3656, stack(0x00000000238f0000,0x00000000239f0000)]
  0x00000000174e3800 JavaThread "Build operations Thread 3" [_thread_blocked, id=8752, stack(0x00000000237f0000,0x00000000238f0000)]
  0x00000000174dd800 JavaThread "Build operations Thread 2" [_thread_blocked, id=14024, stack(0x00000000236f0000,0x00000000237f0000)]
  0x000000001ffb8800 JavaThread "Build operations" [_thread_blocked, id=13052, stack(0x00000000233f0000,0x00000000234f0000)]
  0x000000001ffb8000 JavaThread "Cache worker for cache directory md-rule (C:\Users\infod\.gradle\caches\6.1.1\md-rule)" [_thread_blocked, id=4880, stack(0x0000000020df0000,0x0000000020ef0000)]
  0x000000001ffb0800 JavaThread "Cache worker for cache directory md-supplier (C:\Users\infod\.gradle\caches\6.1.1\md-supplier)" [_thread_blocked, id=1016, stack(0x000000001faa0000,0x000000001fba0000)]
  0x000000001ffb7000 JavaThread "Cache worker for file hash cache (C:\Users\infod\AndroidStudioProjects\HelloWorld\.gradle\6.1.1\fileHashes)" [_thread_blocked, id=15244, stack(0x000000001f9a0000,0x000000001faa0000)]
  0x000000001ffb6800 JavaThread "Cache worker for checksums cache (C:\Users\infod\AndroidStudioProjects\HelloWorld\.gradle\checksums)" [_thread_blocked, id=4536, stack(0x000000001f8a0000,0x000000001f9a0000)]
  0x000000001ffb5800 JavaThread "Thread-28" [_thread_blocked, id=15812, stack(0x000000001f7a0000,0x000000001f8a0000)]
  0x000000001ffac000 JavaThread "Stdin handler" [_thread_blocked, id=7172, stack(0x000000001ce00000,0x000000001cf00000)]
  0x000000001ffaf800 JavaThread "Asynchronous log dispatcher for DefaultDaemonConnection: socket connection from /127.0.0.1:55448 to /127.0.0.1:55638" [_thread_blocked, id=6452, stack(0x000000001cb00000,0x000000001cc00000)]
  0x000000001ffb2800 JavaThread "Daemon worker Thread 2" [_thread_blocked, id=11240, stack(0x000000001ca00000,0x000000001cb00000)]
  0x000000001ffab000 JavaThread "Cancel handler" [_thread_blocked, id=8956, stack(0x000000001c700000,0x000000001c800000)]
  0x000000001ffae000 JavaThread "Handler for socket connection from /127.0.0.1:55448 to /127.0.0.1:55638" [_thread_in_native, id=14372, stack(0x000000001c600000,0x000000001c700000)]
  0x000000001ffb2000 JavaThread "Daemon Thread 2" [_thread_blocked, id=2952, stack(0x0000000002530000,0x0000000002630000)]
  0x00000000174dc800 JavaThread "Cache worker for execution history cache (C:\Users\infod\.gradle\caches\6.1.1\executionHistory)" [_thread_blocked, id=9048, stack(0x0000000020ef0000,0x0000000020ff0000)]
  0x00000000174e2800 JavaThread "Cache worker for file hash cache (C:\Users\infod\.gradle\caches\6.1.1\fileHashes)" [_thread_blocked, id=15964, stack(0x000000001d300000,0x000000001d400000)]
  0x00000000174e2000 JavaThread "File lock request listener" [_thread_in_native, id=3020, stack(0x000000001d200000,0x000000001d300000)]
  0x000000001b33b000 JavaThread "Cache worker for journal cache (C:\Users\infod\.gradle\caches\journal-1)" [_thread_blocked, id=15044, stack(0x000000001d100000,0x000000001d200000)]
  0x000000001b1a6800 JavaThread "Daemon periodic checks" [_thread_blocked, id=7380, stack(0x000000001c500000,0x000000001c600000)]
  0x000000001b154000 JavaThread "Incoming local TCP Connector on port 55448" [_thread_in_native, id=13608, stack(0x0000000019550000,0x0000000019650000)]
  0x000000001b062000 JavaThread "Daemon health stats" [_thread_blocked, id=15432, stack(0x0000000019450000,0x0000000019550000)]
  0x0000000018e80800 JavaThread "Service Thread" daemon [_thread_blocked, id=5384, stack(0x0000000019250000,0x0000000019350000)]
  0x00000000174e1000 JavaThread "C1 CompilerThread2" daemon [_thread_blocked, id=8796, stack(0x0000000018d50000,0x0000000018e50000)]
  0x00000000174de000 JavaThread "C2 CompilerThread1" daemon [_thread_in_native, id=6896, stack(0x0000000018c50000,0x0000000018d50000)]
=>0x00000000174d6000 JavaThread "C2 CompilerThread0" daemon [_thread_in_native, id=14676, stack(0x0000000018b50000,0x0000000018c50000)]
  0x00000000174d3800 JavaThread "Attach Listener" daemon [_thread_blocked, id=14440, stack(0x0000000018a50000,0x0000000018b50000)]
  0x00000000174d2000 JavaThread "Signal Dispatcher" daemon [_thread_blocked, id=15444, stack(0x0000000018950000,0x0000000018a50000)]
  0x00000000028ac000 JavaThread "Finalizer" daemon [_thread_blocked, id=15276, stack(0x0000000018730000,0x0000000018830000)]
  0x00000000028a1000 JavaThread "Reference Handler" daemon [_thread_blocked, id=11104, stack(0x0000000018630000,0x0000000018730000)]
  0x00000000026ae800 JavaThread "main" [_thread_blocked, id=15712, stack(0x00000000026b0000,0x00000000027b0000)]

Other Threads:
  0x0000000017497000 VMThread [stack: 0x0000000018530000,0x0000000018630000] [id=14192]
  0x000000001752c000 WatcherThread [stack: 0x0000000019350000,0x0000000019450000] [id=3912]

VM state:not at safepoint (normal execution)

VM Mutex/Monitor currently owned by a thread: None

heap address: 0x0000000080000000, size: 2048 MB, Compressed Oops mode: 32-bit
Narrow klass base: 0x0000000000000000, Narrow klass shift: 3
Compressed class space size: 1073741824 Address: 0x0000000100000000

Heap:
 PSYoungGen      total 527872K, used 57082K [0x00000000d5580000, 0x00000000f8180000, 0x0000000100000000)
  eden space 486400K, 8% used [0x00000000d5580000,0x00000000d7c69ab0,0x00000000f3080000)
  from space 41472K, 41% used [0x00000000f3080000,0x00000000f4154dd0,0x00000000f5900000)
  to   space 39936K, 0% used [0x00000000f5a80000,0x00000000f5a80000,0x00000000f8180000)
 ParOldGen       total 236032K, used 73730K [0x0000000080000000, 0x000000008e680000, 0x00000000d5580000)
  object space 236032K, 31% used [0x0000000080000000,0x0000000084800890,0x000000008e680000)
 Metaspace       used 102704K, capacity 107410K, committed 107544K, reserved 1142784K
  class space    used 13112K, capacity 14033K, committed 14128K, reserved 1048576K

Card table byte_map: [0x0000000011c70000,0x0000000012080000] byte_map_base: 0x0000000011870000

Marking Bits: (ParMarkBitMap*) 0x00000000707af030
 Begin Bits: [0x0000000012730000, 0x0000000014730000)
 End Bits:   [0x0000000014730000, 0x0000000016730000)

Polling page: 0x0000000000c90000

CodeCache: size=245760Kb used=61588Kb max_used=61588Kb free=184171Kb
 bounds [0x00000000028b0000, 0x0000000006520000, 0x00000000118b0000]
 total_blobs=18498 nmethods=17569 adapters=838
 compilation: enabled

Compilation events (10 events):
Event: 1298.416 Thread 0x00000000174e1000 nmethod 21063 0x0000000006505d50 code [0x0000000006505f20, 0x0000000006506538]
Event: 1298.427 Thread 0x00000000174de000 nmethod 21056 0x0000000006510910 code [0x0000000006510a80, 0x0000000006511088]
Event: 1298.427 Thread 0x00000000174de000 21061       4       org.objectweb.asm.SymbolTable::addConstantUtf8 (98 bytes)
Event: 1298.484 Thread 0x00000000174e1000 21065       2       com.google.common.io.ByteStreams::read (70 bytes)
Event: 1298.485 Thread 0x00000000174e1000 nmethod 21065 0x0000000006510090 code [0x0000000006510240, 0x0000000006510658]
Event: 1298.494 Thread 0x00000000174de000 nmethod 21061 0x000000000650d050 code [0x000000000650d200, 0x000000000650e178]
Event: 1298.494 Thread 0x00000000174de000 21064       4       org.gradle.api.internal.tasks.compile.FieldMember::compareTo (9 bytes)
Event: 1298.506 Thread 0x00000000174de000 nmethod 21064 0x0000000006513ad0 code [0x0000000006513ca0, 0x00000000065145b0]
Event: 1298.506 Thread 0x00000000174de000 21051       4       org.objectweb.asm.ClassReader::readUTF8 (23 bytes)
Event: 1298.522 Thread 0x00000000174e1000 21068       2       com.google.common.io.ByteStreams::readFully (58 bytes)

GC Heap History (10 events):
Event: 1275.324 GC heap before
{Heap before GC invocations=27 (full 4):
 PSYoungGen      total 434688K, used 394684K [0x00000000d5580000, 0x00000000f5200000, 0x0000000100000000)
  eden space 389120K, 100% used [0x00000000d5580000,0x00000000ed180000,0x00000000ed180000)
  from space 45568K, 12% used [0x00000000f0280000,0x00000000f07ef318,0x00000000f2f00000)
  to   space 50176K, 0% used [0x00000000ed180000,0x00000000ed180000,0x00000000f0280000)
 ParOldGen       total 236032K, used 73714K [0x0000000080000000, 0x000000008e680000, 0x00000000d5580000)
  object space 236032K, 31% used [0x0000000080000000,0x00000000847fc890,0x000000008e680000)
 Metaspace       used 98010K, capacity 102568K, committed 102680K, reserved 1138688K
  class space    used 12613K, capacity 13526K, committed 13616K, reserved 1048576K
Event: 1275.353 GC heap after
Heap after GC invocations=27 (full 4):
 PSYoungGen      total 439296K, used 7415K [0x00000000d5580000, 0x00000000f5b00000, 0x0000000100000000)
  eden space 389120K, 0% used [0x00000000d5580000,0x00000000d5580000,0x00000000ed180000)
  from space 50176K, 14% used [0x00000000ed180000,0x00000000ed8bdc28,0x00000000f0280000)
  to   space 48640K, 0% used [0x00000000f2b80000,0x00000000f2b80000,0x00000000f5b00000)
 ParOldGen       total 236032K, used 73714K [0x0000000080000000, 0x000000008e680000, 0x00000000d5580000)
  object space 236032K, 31% used [0x0000000080000000,0x00000000847fc890,0x000000008e680000)
 Metaspace       used 98010K, capacity 102568K, committed 102680K, reserved 1138688K
  class space    used 12613K, capacity 13526K, committed 13616K, reserved 1048576K
}
Event: 1277.924 GC heap before
{Heap before GC invocations=28 (full 4):
 PSYoungGen      total 439296K, used 396535K [0x00000000d5580000, 0x00000000f5b00000, 0x0000000100000000)
  eden space 389120K, 100% used [0x00000000d5580000,0x00000000ed180000,0x00000000ed180000)
  from space 50176K, 14% used [0x00000000ed180000,0x00000000ed8bdc28,0x00000000f0280000)
  to   space 48640K, 0% used [0x00000000f2b80000,0x00000000f2b80000,0x00000000f5b00000)
 ParOldGen       total 236032K, used 73714K [0x0000000080000000, 0x000000008e680000, 0x00000000d5580000)
  object space 236032K, 31% used [0x0000000080000000,0x00000000847fc890,0x000000008e680000)
 Metaspace       used 98141K, capacity 102798K, committed 102936K, reserved 1138688K
  class space    used 12616K, capacity 13531K, committed 13616K, reserved 1048576K
Event: 1277.979 GC heap after
Heap after GC invocations=28 (full 4):
 PSYoungGen      total 483840K, used 15513K [0x00000000d5580000, 0x00000000f6600000, 0x0000000100000000)
  eden space 435200K, 0% used [0x00000000d5580000,0x00000000d5580000,0x00000000efe80000)
  from space 48640K, 31% used [0x00000000f2b80000,0x00000000f3aa65f0,0x00000000f5b00000)
  to   space 46080K, 0% used [0x00000000efe80000,0x00000000efe80000,0x00000000f2b80000)
 ParOldGen       total 236032K, used 73714K [0x0000000080000000, 0x000000008e680000, 0x00000000d5580000)
  object space 236032K, 31% used [0x0000000080000000,0x00000000847fc890,0x000000008e680000)
 Metaspace       used 98141K, capacity 102798K, committed 102936K, reserved 1138688K
  class space    used 12616K, capacity 13531K, committed 13616K, reserved 1048576K
}
Event: 1280.680 GC heap before
{Heap before GC invocations=29 (full 4):
 PSYoungGen      total 483840K, used 450713K [0x00000000d5580000, 0x00000000f6600000, 0x0000000100000000)
  eden space 435200K, 100% used [0x00000000d5580000,0x00000000efe80000,0x00000000efe80000)
  from space 48640K, 31% used [0x00000000f2b80000,0x00000000f3aa65f0,0x00000000f5b00000)
  to   space 46080K, 0% used [0x00000000efe80000,0x00000000efe80000,0x00000000f2b80000)
 ParOldGen       total 236032K, used 73714K [0x0000000080000000, 0x000000008e680000, 0x00000000d5580000)
  object space 236032K, 31% used [0x0000000080000000,0x00000000847fc890,0x000000008e680000)
 Metaspace       used 98182K, capacity 102804K, committed 102936K, reserved 1138688K
  class space    used 12617K, capacity 13532K, committed 13616K, reserved 1048576K
Event: 1280.710 GC heap after
Heap after GC invocations=29 (full 4):
 PSYoungGen      total 481280K, used 17125K [0x00000000d5580000, 0x00000000f8480000, 0x0000000100000000)
  eden space 435200K, 0% used [0x00000000d5580000,0x00000000d5580000,0x00000000efe80000)
  from space 46080K, 37% used [0x00000000efe80000,0x00000000f0f395f8,0x00000000f2b80000)
  to   space 43008K, 0% used [0x00000000f5a80000,0x00000000f5a80000,0x00000000f8480000)
 ParOldGen       total 236032K, used 73722K [0x0000000080000000, 0x000000008e680000, 0x00000000d5580000)
  object space 236032K, 31% used [0x0000000080000000,0x00000000847fe890,0x000000008e680000)
 Metaspace       used 98182K, capacity 102804K, committed 102936K, reserved 1138688K
  class space    used 12617K, capacity 13532K, committed 13616K, reserved 1048576K
}
Event: 1285.659 GC heap before
{Heap before GC invocations=30 (full 4):
 PSYoungGen      total 481280K, used 452325K [0x00000000d5580000, 0x00000000f8480000, 0x0000000100000000)
  eden space 435200K, 100% used [0x00000000d5580000,0x00000000efe80000,0x00000000efe80000)
  from space 46080K, 37% used [0x00000000efe80000,0x00000000f0f395f8,0x00000000f2b80000)
  to   space 43008K, 0% used [0x00000000f5a80000,0x00000000f5a80000,0x00000000f8480000)
 ParOldGen       total 236032K, used 73722K [0x0000000080000000, 0x000000008e680000, 0x00000000d5580000)
  object space 236032K, 31% used [0x0000000080000000,0x00000000847fe890,0x000000008e680000)
 Metaspace       used 98368K, capacity 102958K, committed 103192K, reserved 1138688K
  class space    used 12622K, capacity 13535K, committed 13616K, reserved 1048576K
Event: 1285.710 GC heap after
Heap after GC invocations=30 (full 4):
 PSYoungGen      total 526336K, used 9611K [0x00000000d5580000, 0x00000000f8180000, 0x0000000100000000)
  eden space 486400K, 0% used [0x00000000d5580000,0x00000000d5580000,0x00000000f3080000)
  from space 39936K, 24% used [0x00000000f5a80000,0x00000000f63e2d98,0x00000000f8180000)
  to   space 41472K, 0% used [0x00000000f3080000,0x00000000f3080000,0x00000000f5900000)
 ParOldGen       total 236032K, used 73722K [0x0000000080000000, 0x000000008e680000, 0x00000000d5580000)
  object space 236032K, 31% used [0x0000000080000000,0x00000000847fe890,0x000000008e680000)
 Metaspace       used 98368K, capacity 102958K, committed 103192K, reserved 1138688K
  class space    used 12622K, capacity 13535K, committed 13616K, reserved 1048576K
}
Event: 1297.940 GC heap before
{Heap before GC invocations=31 (full 4):
 PSYoungGen      total 526336K, used 496011K [0x00000000d5580000, 0x00000000f8180000, 0x0000000100000000)
  eden space 486400K, 100% used [0x00000000d5580000,0x00000000f3080000,0x00000000f3080000)
  from space 39936K, 24% used [0x00000000f5a80000,0x00000000f63e2d98,0x00000000f8180000)
  to   space 41472K, 0% used [0x00000000f3080000,0x00000000f3080000,0x00000000f5900000)
 ParOldGen       total 236032K, used 73722K [0x0000000080000000, 0x000000008e680000, 0x00000000d5580000)
  object space 236032K, 31% used [0x0000000080000000,0x00000000847fe890,0x000000008e680000)
 Metaspace       used 102696K, capacity 107410K, committed 107544K, reserved 1142784K
  class space    used 13112K, capacity 14033K, committed 14128K, reserved 1048576K
Event: 1297.981 GC heap after
Heap after GC invocations=31 (full 4):
 PSYoungGen      total 527872K, used 17235K [0x00000000d5580000, 0x00000000f8180000, 0x0000000100000000)
  eden space 486400K, 0% used [0x00000000d5580000,0x00000000d5580000,0x00000000f3080000)
  from space 41472K, 41% used [0x00000000f3080000,0x00000000f4154dd0,0x00000000f5900000)
  to   space 39936K, 0% used [0x00000000f5a80000,0x00000000f5a80000,0x00000000f8180000)
 ParOldGen       total 236032K, used 73730K [0x0000000080000000, 0x000000008e680000, 0x00000000d5580000)
  object space 236032K, 31% used [0x0000000080000000,0x0000000084800890,0x000000008e680000)
 Metaspace       used 102696K, capacity 107410K, committed 107544K, reserved 1142784K
  class space    used 13112K, capacity 14033K, committed 14128K, reserved 1048576K
}

Deoptimization events (10 events):
Event: 1297.927 Thread 0x000000001a4ee800 Uncommon trap: reason=class_check action=maybe_recompile pc=0x0000000002cc686c method=org.gradle.api.internal.changedetection.state.ZipHasher.fingerprintZipEntries(Ljava/lang/String;Ljava/util/List;Lorg/gradle/api/internal/changedetection/state/ZipInput;)
Event: 1298.001 Thread 0x000000001a4ee800 Uncommon trap: reason=unstable_if action=reinterpret pc=0x00000000064598ec method=org.objectweb.asm.SymbolTable.addConstantIntegerOrFloat(II)Lorg/objectweb/asm/Symbol; @ 33
Event: 1298.008 Thread 0x000000001a4ee800 Uncommon trap: reason=class_check action=maybe_recompile pc=0x0000000002cc686c method=org.gradle.api.internal.changedetection.state.ZipHasher.fingerprintZipEntries(Ljava/lang/String;Ljava/util/List;Lorg/gradle/api/internal/changedetection/state/ZipInput;)
Event: 1298.170 Thread 0x000000001a4ee800 Uncommon trap: reason=class_check action=maybe_recompile pc=0x000000000338168c method=org.gradle.api.internal.changedetection.state.ZipHasher.fingerprintZipEntries(Ljava/lang/String;Ljava/util/List;Lorg/gradle/api/internal/changedetection/state/ZipInput;)
Event: 1298.191 Thread 0x000000001a4ee800 Uncommon trap: reason=unstable_if action=reinterpret pc=0x0000000006451bc4 method=org.objectweb.asm.Type.getArgumentsAndReturnSizes(Ljava/lang/String;)I @ 25
Event: 1298.192 Thread 0x000000001a4ee800 Uncommon trap: reason=unstable_if action=reinterpret pc=0x0000000006444050 method=org.objectweb.asm.ClassReader.readUtf(II[C)Ljava/lang/String; @ 41
Event: 1298.230 Thread 0x000000001a4ee800 Uncommon trap: reason=unstable_if action=reinterpret pc=0x00000000029c4624 method=org.objectweb.asm.ClassReader.readUtf(II[C)Ljava/lang/String; @ 41
Event: 1298.230 Thread 0x000000001a4ee800 Uncommon trap: reason=unstable_if action=reinterpret pc=0x00000000034f1860 method=org.objectweb.asm.ClassReader.readUtf(II[C)Ljava/lang/String; @ 41
Event: 1298.241 Thread 0x000000001a4ee800 Uncommon trap: reason=unstable_if action=reinterpret pc=0x00000000040c35a8 method=org.objectweb.asm.ByteVector.putUTF8(Ljava/lang/String;)Lorg/objectweb/asm/ByteVector; @ 100
Event: 1298.241 Thread 0x000000001a4ee800 Uncommon trap: reason=unstable_if action=reinterpret pc=0x0000000004e375fc method=org.objectweb.asm.ByteVector.encodeUtf8(Ljava/lang/String;II)Lorg/objectweb/asm/ByteVector; @ 208

Classes redefined (0 events):
No events

Internal exceptions (10 events):
Event: 1296.978 Thread 0x00000000174dd800 Exception <a 'sun/nio/fs/WindowsException'> (0x00000000f11f8428) thrown at [C:\src\AOSP-openjdk-git\hotspot\src\share\vm\prims\jni.cpp, line 710]
Event: 1296.987 Thread 0x000000001a4ee800 Exception <a 'sun/nio/fs/WindowsException'> (0x00000000f14ffa58) thrown at [C:\src\AOSP-openjdk-git\hotspot\src\share\vm\prims\jni.cpp, line 710]
Event: 1297.017 Thread 0x00000000174df000 Exception <a 'sun/nio/fs/WindowsException'> (0x00000000f16aa688) thrown at [C:\src\AOSP-openjdk-git\hotspot\src\share\vm\prims\jni.cpp, line 710]
Event: 1297.018 Thread 0x00000000174dd800 Exception <a 'sun/nio/fs/WindowsException'> (0x00000000f163b4d8) thrown at [C:\src\AOSP-openjdk-git\hotspot\src\share\vm\prims\jni.cpp, line 710]
Event: 1297.043 Thread 0x00000000174e3800 Exception <a 'sun/nio/fs/WindowsException'> (0x00000000f0f3ac58) thrown at [C:\src\AOSP-openjdk-git\hotspot\src\share\vm\prims\jni.cpp, line 710]
Event: 1297.049 Thread 0x000000001a4ee800 Exception <a 'sun/nio/fs/WindowsException'> (0x00000000f1546d28) thrown at [C:\src\AOSP-openjdk-git\hotspot\src\share\vm\prims\jni.cpp, line 710]
Event: 1297.187 Thread 0x00000000174dd800 Exception <a 'sun/nio/fs/WindowsException'> (0x00000000f1811438) thrown at [C:\src\AOSP-openjdk-git\hotspot\src\share\vm\prims\jni.cpp, line 710]
Event: 1297.243 Thread 0x00000000174df000 Exception <a 'sun/nio/fs/WindowsException'> (0x00000000f16f1628) thrown at [C:\src\AOSP-openjdk-git\hotspot\src\share\vm\prims\jni.cpp, line 710]
Event: 1297.249 Thread 0x00000000174e3800 Exception <a 'sun/nio/fs/WindowsException'> (0x00000000f0f88ea0) thrown at [C:\src\AOSP-openjdk-git\hotspot\src\share\vm\prims\jni.cpp, line 710]
Event: 1297.329 Thread 0x00000000174dd800 Exception <a 'sun/nio/fs/WindowsException'> (0x00000000f1858338) thrown at [C:\src\AOSP-openjdk-git\hotspot\src\share\vm\prims\jni.cpp, line 710]

Events (10 events):
Event: 1298.261 Thread 0x000000001a4ee800 DEOPT PACKING pc=0x0000000006455a9c sp=0x00000000271fc720
Event: 1298.261 Thread 0x000000001a4ee800 DEOPT UNPACKING pc=0x00000000028f75d0 sp=0x00000000271fc478 mode 0
Event: 1298.299 Thread 0x000000001a4ee800 DEOPT PACKING pc=0x0000000006455a9c sp=0x00000000271fc720
Event: 1298.299 Thread 0x000000001a4ee800 DEOPT UNPACKING pc=0x00000000028f75d0 sp=0x00000000271fc478 mode 0
Event: 1298.393 Thread 0x000000001a4ee800 DEOPT PACKING pc=0x0000000006455a9c sp=0x00000000271fc660
Event: 1298.393 Thread 0x000000001a4ee800 DEOPT UNPACKING pc=0x00000000028f75d0 sp=0x00000000271fc3b8 mode 0
Event: 1298.445 Thread 0x000000001a4ee800 DEOPT PACKING pc=0x0000000006455a9c sp=0x00000000271fc660
Event: 1298.445 Thread 0x000000001a4ee800 DEOPT UNPACKING pc=0x00000000028f75d0 sp=0x00000000271fc3b8 mode 0
Event: 1298.472 Thread 0x000000001a4ee800 DEOPT PACKING pc=0x0000000006455a9c sp=0x00000000271fc660
Event: 1298.472 Thread 0x000000001a4ee800 DEOPT UNPACKING pc=0x00000000028f75d0 sp=0x00000000271fc3b8 mode 0


Dynamic libraries:
0x00007ff6c13e0000 - 0x00007ff6c1411000 	C:\Program Files\Android\Android Studio\jre\bin\java.exe
0x00007ff924210000 - 0x00007ff924406000 	C:\Windows\SYSTEM32\ntdll.dll
0x00007ff922320000 - 0x00007ff9223dd000 	C:\Windows\System32\KERNEL32.DLL
0x00007ff921b60000 - 0x00007ff921e29000 	C:\Windows\System32\KERNELBASE.dll
0x00007ff922270000 - 0x00007ff92231c000 	C:\Windows\System32\ADVAPI32.dll
0x00007ff923f30000 - 0x00007ff923fce000 	C:\Windows\System32\msvcrt.dll
0x00007ff922a10000 - 0x00007ff922aac000 	C:\Windows\System32\sechost.dll
0x00007ff9227a0000 - 0x00007ff9228cb000 	C:\Windows\System32\RPCRT4.dll
0x00007ff9238b0000 - 0x00007ff923a50000 	C:\Windows\System32\USER32.dll
0x00007ff922030000 - 0x00007ff922052000 	C:\Windows\System32\win32u.dll
0x00007ff9241a0000 - 0x00007ff9241ca000 	C:\Windows\System32\GDI32.dll
0x00007ff921a00000 - 0x00007ff921b0b000 	C:\Windows\System32\gdi32full.dll
0x00007ff921f90000 - 0x00007ff92202d000 	C:\Windows\System32\msvcp_win.dll
0x00007ff921e30000 - 0x00007ff921f30000 	C:\Windows\System32\ucrtbase.dll
0x00007ff909b80000 - 0x00007ff909e1b000 	C:\Windows\WinSxS\amd64_microsoft.windows.common-controls_6595b64144ccf1df_6.0.19041.746_none_ca02b4b61b8320a4\COMCTL32.dll
0x00007ff923e30000 - 0x00007ff923e60000 	C:\Windows\System32\IMM32.DLL
0x0000000071e60000 - 0x0000000071f32000 	C:\Program Files\Android\Android Studio\jre\jre\bin\msvcr100.dll
0x000000006ffe0000 - 0x000000007082b000 	C:\Program Files\Android\Android Studio\jre\jre\bin\server\jvm.dll
0x00007ff923750000 - 0x00007ff923758000 	C:\Windows\System32\PSAPI.DLL
0x00007ff91cd30000 - 0x00007ff91cd39000 	C:\Windows\SYSTEM32\WSOCK32.dll
0x00007ff923e60000 - 0x00007ff923ecb000 	C:\Windows\System32\WS2_32.dll
0x00007ff912240000 - 0x00007ff912267000 	C:\Windows\SYSTEM32\WINMM.dll
0x00007ff91c350000 - 0x00007ff91c35a000 	C:\Windows\SYSTEM32\VERSION.dll
0x00007ff91e710000 - 0x00007ff91e71f000 	C:\Program Files\Android\Android Studio\jre\jre\bin\verify.dll
0x00007ff8ff1f0000 - 0x00007ff8ff219000 	C:\Program Files\Android\Android Studio\jre\jre\bin\java.dll
0x00007ff912100000 - 0x00007ff912116000 	C:\Program Files\Android\Android Studio\jre\jre\bin\zip.dll
0x00007ff922ab0000 - 0x00007ff9231f3000 	C:\Windows\System32\SHELL32.dll
0x00007ff91fab0000 - 0x00007ff92023f000 	C:\Windows\SYSTEM32\windows.storage.dll
0x00007ff9223e0000 - 0x00007ff922736000 	C:\Windows\System32\combase.dll
0x00007ff9213b0000 - 0x00007ff9213dc000 	C:\Windows\SYSTEM32\Wldp.dll
0x00007ff923fd0000 - 0x00007ff92407e000 	C:\Windows\System32\SHCORE.dll
0x00007ff923ed0000 - 0x00007ff923f25000 	C:\Windows\System32\shlwapi.dll
0x00007ff921880000 - 0x00007ff9218a6000 	C:\Windows\SYSTEM32\profapi.dll
0x00007ff9120c0000 - 0x00007ff9120da000 	C:\Program Files\Android\Android Studio\jre\jre\bin\net.dll
0x00007ff921130000 - 0x00007ff92119a000 	C:\Windows\system32\mswsock.dll
0x00007ff911c00000 - 0x00007ff911c13000 	C:\Program Files\Android\Android Studio\jre\jre\bin\nio.dll
0x00007ff8fdd40000 - 0x00007ff8fdd66000 	C:\Users\infod\.gradle\native\31\windows-amd64\native-platform.dll
0x00007ff91e700000 - 0x00007ff91e70d000 	C:\Program Files\Android\Android Studio\jre\jre\bin\management.dll
0x00007ff921310000 - 0x00007ff921328000 	C:\Windows\SYSTEM32\CRYPTSP.dll
0x00007ff920a60000 - 0x00007ff920a94000 	C:\Windows\system32\rsaenh.dll
0x00007ff9220e0000 - 0x00007ff922107000 	C:\Windows\System32\bcrypt.dll
0x00007ff921840000 - 0x00007ff92186e000 	C:\Windows\SYSTEM32\USERENV.dll
0x00007ff922060000 - 0x00007ff9220e0000 	C:\Windows\System32\bcryptprimitives.dll
0x00007ff921300000 - 0x00007ff92130c000 	C:\Windows\SYSTEM32\CRYPTBASE.dll
0x00007ff920dd0000 - 0x00007ff920e0b000 	C:\Windows\SYSTEM32\IPHLPAPI.DLL
0x00007ff923be0000 - 0x00007ff923be8000 	C:\Windows\System32\NSI.dll
0x00007ff919ed0000 - 0x00007ff919ee7000 	C:\Windows\SYSTEM32\dhcpcsvc6.DLL
0x00007ff91ac90000 - 0x00007ff91acad000 	C:\Windows\SYSTEM32\dhcpcsvc.DLL
0x00007ff920e20000 - 0x00007ff920eeb000 	C:\Windows\SYSTEM32\DNSAPI.dll
0x00007ff8ff0d0000 - 0x00007ff8ff0f4000 	C:\Program Files\Android\Android Studio\jre\jre\bin\sunec.dll
0x0000000070a00000 - 0x0000000070a26000 	C:\Program Files\Bonjour\mdnsNSP.dll
0x00007ff918ee0000 - 0x00007ff918eea000 	C:\Windows\System32\rasadhlp.dll
0x00007ff912270000 - 0x00007ff9122ef000 	C:\Windows\System32\fwpuclnt.dll
0x00007ff91e5d0000 - 0x00007ff91e5db000 	C:\Program Files\Android\Android Studio\jre\jre\bin\sunmscapi.dll
0x00007ff922110000 - 0x00007ff922266000 	C:\Windows\System32\CRYPT32.dll
0x00007ff91f220000 - 0x00007ff91f2b0000 	C:\Windows\system32\apphelp.dll

VM Arguments:
jvm_args: -Xmx2048m -Dfile.encoding=windows-1252 -Duser.country=ES -Duser.language=es -Duser.variant 
java_command: org.gradle.launcher.daemon.bootstrap.GradleDaemon 6.1.1
java_class_path (initial): C:\Users\infod\.gradle\wrapper\dists\gradle-6.1.1-all\cfmwm155h49vnt3hynmlrsdst\gradle-6.1.1\lib\gradle-launcher-6.1.1.jar
Launcher Type: SUN_STANDARD

Environment Variables:
JAVA_HOME=C:\Program Files (x86)\Java\jdk1.8.0_111
PATH=C:\Program Files (x86)\Common Files\Intel\Shared Libraries\redist\intel64\compiler;C:\Program Files (x86)\Common Files\Oracle\Java\javapath;C:\ProgramData\Oracle\Java\javapath;C:\Program Files\nodejs\;C:\wamp64\bin\php\php7.3.21;C:\Windows\system32;C:\Windows;C:\Windows\System32\Wbem;C:\Windows\System32\WindowsPowerShell\v1.0\;C:\Windows\System32\OpenSSH\;C:\Program Files\Git\cmd;C:\Program Files (x86)\Java\jdk1.8.0_111\bin;;C:\Program Files (x86)\NVIDIA Corporation\PhysX\Common;C:\Program Files\NVIDIA Corporation\NVIDIA NvDLISR;C:\Users\infod\AppData\Local\Microsoft\WindowsApps;C:\Users\infod\AppData\Local\Programs\Microsoft VS Code\bin;C:\Users\infod\AppData\Roaming\npm;C:\Users\infod\AppData\Local\atom\bin;C:\src\flutter\bin;
USERNAME=infod
OS=Windows_NT
PROCESSOR_IDENTIFIER=Intel64 Family 6 Model 78 Stepping 3, GenuineIntel



---------------  S Y S T E M  ---------------

OS: Windows 10.0 , 64 bit Build 19041 (10.0.19041.662)

CPU:total 4 (initial active 4) (2 cores per cpu, 2 threads per core) family 6 model 78 stepping 3, cmov, cx8, fxsr, mmx, sse, sse2, sse3, ssse3, sse4.1, sse4.2, popcnt, avx, avx2, aes, clmul, erms, 3dnowpref, lzcnt, ht, tsc, tscinvbit, bmi1, bmi2, adx

Memory: 4k page, physical 12486560k(1833732k free), swap 12486560k(5888k free)

vm_info: OpenJDK 64-Bit Server VM (25.242-b01) for windows-amd64 JRE (1.8.0_242-release-1644-b01), built by "builder" with MS VC++ 10.0 (VS2010)

time: Mon Jan 25 13:16:32 2021
timezone: Hora estándar romance
elapsed time: 1298 seconds (0d 0h 21m 38s)

