#
# There is insufficient memory for the Java Runtime Environment to continue.
# Native memory allocation (malloc) failed to allocate 685616 bytes for Chunk::new
# Possible reasons:
#   The system is out of physical RAM or swap space
#   The process is running with CompressedOops enabled, and the Java Heap may be blocking the growth of the native heap
# Possible solutions:
#   Reduce memory load on the system
#   Increase physical memory or swap space
#   Check if swap backing store is full
#   Decrease Java heap size (-Xmx/-Xms)
#   Decrease number of Java threads
#   Decrease Java thread stack sizes (-Xss)
#   Set larger code cache with -XX:ReservedCodeCacheSize=
#   JVM is running with Unscaled Compressed Oops mode in which the Java heap is
#     placed in the first 4GB address space. The Java Heap base address is the
#     maximum limit for the native heap growth. Please use -XX:HeapBaseMinAddress
#     to set the Java Heap base and to place the Java Heap above 4GB virtual address.
# This output file may be truncated or incomplete.
#
#  Out of Memory Error (allocation.cpp:389), pid=5460, tid=0x0000000000002834
#
# JRE version: OpenJDK Runtime Environment (8.0_242-b01) (build 1.8.0_242-release-1644-b01)
# Java VM: OpenJDK 64-Bit Server VM (25.242-b01 mixed mode windows-amd64 compressed oops)
# Failed to write core dump. Minidumps are not enabled by default on client versions of Windows
#

---------------  T H R E A D  ---------------

Current thread (0x0000000017ec7800):  JavaThread "C2 CompilerThread0" daemon [_thread_in_native, id=10292, stack(0x0000000019540000,0x0000000019640000)]

Stack: [0x0000000019540000,0x0000000019640000]
[error occurred during error reporting (printing stack bounds), id 0xc0000005]

Native frames: (J=compiled Java code, j=interpreted, Vv=VM code, C=native code)


Current CompileTask:
C2:   2490 1444       4       java.io.WinNTFileSystem::normalize (231 bytes)


---------------  P R O C E S S  ---------------

Java Threads: ( => current thread )
  0x0000000017edd000 JavaThread "File lock request listener" [_thread_in_native, id=5608, stack(0x000000001db90000,0x000000001dc90000)]
  0x0000000019fb3000 JavaThread "Cache worker for journal cache (C:\Users\infod\.gradle\caches\journal-1)" [_thread_blocked, id=14160, stack(0x000000001da90000,0x000000001db90000)]
  0x000000001a093800 JavaThread "Thread-9" [_thread_blocked, id=8632, stack(0x000000001d790000,0x000000001d890000)]
  0x0000000019ea1800 JavaThread "Stdin handler" [_thread_blocked, id=8008, stack(0x000000001d690000,0x000000001d790000)]
  0x000000001a0e0800 JavaThread "Asynchronous log dispatcher for DefaultDaemonConnection: socket connection from /127.0.0.1:64773 to /127.0.0.1:64774" [_thread_blocked, id=2292, stack(0x000000001d590000,0x000000001d690000)]
  0x000000001a095800 JavaThread "Daemon worker" [_thread_in_native, id=13860, stack(0x000000001d490000,0x000000001d590000)]
  0x000000001a094800 JavaThread "Cancel handler" [_thread_blocked, id=2284, stack(0x000000001d390000,0x000000001d490000)]
  0x000000001b9fb000 JavaThread "Handler for socket connection from /127.0.0.1:64773 to /127.0.0.1:64774" [_thread_in_native, id=2040, stack(0x000000001d090000,0x000000001d190000)]
  0x000000001b9f3800 JavaThread "Daemon" [_thread_blocked, id=9340, stack(0x000000001cf90000,0x000000001d090000)]
  0x000000001b9e2800 JavaThread "Daemon periodic checks" [_thread_blocked, id=4516, stack(0x000000001ce90000,0x000000001cf90000)]
  0x000000001b988000 JavaThread "Incoming local TCP Connector on port 64773" [_thread_in_native, id=6572, stack(0x000000001cc20000,0x000000001cd20000)]
  0x000000001b8cb000 JavaThread "Daemon health stats" [_thread_blocked, id=11988, stack(0x000000001c5e0000,0x000000001c6e0000)]
  0x0000000019878800 JavaThread "Service Thread" daemon [_thread_blocked, id=2328, stack(0x0000000019c40000,0x0000000019d40000)]
  0x0000000017edb800 JavaThread "C1 CompilerThread2" daemon [_thread_blocked, id=7440, stack(0x0000000019740000,0x0000000019840000)]
  0x0000000017ecf000 JavaThread "C2 CompilerThread1" daemon [_thread_in_native, id=12528, stack(0x0000000019640000,0x0000000019740000)]
=>0x0000000017ec7800 JavaThread "C2 CompilerThread0" daemon [_thread_in_native, id=10292, stack(0x0000000019540000,0x0000000019640000)]
  0x0000000017ec5800 JavaThread "Attach Listener" daemon [_thread_blocked, id=14284, stack(0x0000000019440000,0x0000000019540000)]
  0x0000000017ec2000 JavaThread "Signal Dispatcher" daemon [_thread_blocked, id=14028, stack(0x0000000019340000,0x0000000019440000)]
  0x000000000329c000 JavaThread "Finalizer" daemon [_thread_blocked, id=13388, stack(0x0000000019120000,0x0000000019220000)]
  0x0000000003291000 JavaThread "Reference Handler" daemon [_thread_blocked, id=5068, stack(0x0000000019020000,0x0000000019120000)]
  0x000000000319e800 JavaThread "main" [_thread_blocked, id=5184, stack(0x0000000002ff0000,0x00000000030f0000)]

Other Threads:
  0x0000000017e87000 VMThread [stack: 0x0000000018f20000,0x0000000019020000] [id=7436]
  0x0000000017f18000 WatcherThread [stack: 0x0000000019d40000,0x0000000019e40000] [id=224]

VM state:not at safepoint (normal execution)

VM Mutex/Monitor currently owned by a thread: None

heap address: 0x0000000080000000, size: 2048 MB, Compressed Oops mode: 32-bit
Narrow klass base: 0x0000000000000000, Narrow klass shift: 3
Compressed class space size: 1073741824 Address: 0x0000000100000000

Heap:
 PSYoungGen      total 57344K, used 39366K [0x00000000d5580000, 0x00000000d9580000, 0x0000000100000000)
  eden space 49152K, 66% used [0x00000000d5580000,0x00000000d75720b8,0x00000000d8580000)
  from space 8192K, 81% used [0x00000000d8d80000,0x00000000d93ff760,0x00000000d9580000)
  to   space 8192K, 0% used [0x00000000d8580000,0x00000000d8580000,0x00000000d8d80000)
 ParOldGen       total 131072K, used 24K [0x0000000080000000, 0x0000000088000000, 0x00000000d5580000)
  object space 131072K, 0% used [0x0000000080000000,0x0000000080006000,0x0000000088000000)
 Metaspace       used 15027K, capacity 15480K, committed 15744K, reserved 1062912K
  class space    used 1985K, capacity 2126K, committed 2176K, reserved 1048576K

Card table byte_map: [0x0000000012660000,0x0000000012a70000] byte_map_base: 0x0000000012260000

Marking Bits: (ParMarkBitMap*) 0x000000005425f030
 Begin Bits: [0x0000000013120000, 0x0000000015120000)
 End Bits:   [0x0000000015120000, 0x0000000017120000)

Polling page: 0x0000000001260000

CodeCache: size=245760Kb used=5286Kb max_used=5292Kb free=240473Kb
 bounds [0x00000000032a0000, 0x00000000037d0000, 0x00000000122a0000]
 total_blobs=1872 nmethods=1482 adapters=303
 compilation: enabled

Compilation events (10 events):
Event: 2.456 Thread 0x0000000017edb800 1481       1       com.google.common.collect.RegularImmutableList::size (5 bytes)
Event: 2.457 Thread 0x0000000017edb800 nmethod 1481 0x00000000037c5550 code [0x00000000037c56a0, 0x00000000037c57b0]
Event: 2.459 Thread 0x0000000017edb800 1482       3       java.util.concurrent.locks.AbstractOwnableSynchronizer::setExclusiveOwnerThread (6 bytes)
Event: 2.459 Thread 0x0000000017edb800 nmethod 1482 0x00000000037ca010 code [0x00000000037ca160, 0x00000000037ca2d0]
Event: 2.467 Thread 0x0000000017ecf000 1483       4       java.util.jar.JarFile::maybeInstantiateVerifier (96 bytes)
Event: 2.476 Thread 0x0000000017ecf000 nmethod 1483 0x00000000037cd3d0 code [0x00000000037cd560, 0x00000000037cd9b8]
Event: 2.476 Thread 0x0000000017ecf000 1484       4       java.net.URLClassLoader$1::run (5 bytes)
Event: 2.483 Thread 0x0000000017edb800 1485       3       java.util.regex.Pattern$Curly::match0 (174 bytes)
Event: 2.484 Thread 0x0000000017edb800 nmethod 1485 0x00000000037cc450 code [0x00000000037cc640, 0x00000000037cd078]
Event: 2.489 Thread 0x0000000017edb800 1486       3       java.lang.reflect.Constructor::setConstructorAccessor (21 bytes)

GC Heap History (4 events):
Event: 1.033 GC heap before
{Heap before GC invocations=1 (full 0):
 PSYoungGen      total 57344K, used 49152K [0x00000000d5580000, 0x00000000d9580000, 0x0000000100000000)
  eden space 49152K, 100% used [0x00000000d5580000,0x00000000d8580000,0x00000000d8580000)
  from space 8192K, 0% used [0x00000000d8d80000,0x00000000d8d80000,0x00000000d9580000)
  to   space 8192K, 0% used [0x00000000d8580000,0x00000000d8580000,0x00000000d8d80000)
 ParOldGen       total 131072K, used 0K [0x0000000080000000, 0x0000000088000000, 0x00000000d5580000)
  object space 131072K, 0% used [0x0000000080000000,0x0000000080000000,0x0000000088000000)
 Metaspace       used 7558K, capacity 7836K, committed 8064K, reserved 1056768K
  class space    used 924K, capacity 1036K, committed 1152K, reserved 1048576K
Event: 1.040 GC heap after
Heap after GC invocations=1 (full 0):
 PSYoungGen      total 57344K, used 4715K [0x00000000d5580000, 0x00000000d9580000, 0x0000000100000000)
  eden space 49152K, 0% used [0x00000000d5580000,0x00000000d5580000,0x00000000d8580000)
  from space 8192K, 57% used [0x00000000d8580000,0x00000000d8a1ae58,0x00000000d8d80000)
  to   space 8192K, 0% used [0x00000000d8d80000,0x00000000d8d80000,0x00000000d9580000)
 ParOldGen       total 131072K, used 16K [0x0000000080000000, 0x0000000088000000, 0x00000000d5580000)
  object space 131072K, 0% used [0x0000000080000000,0x0000000080004000,0x0000000088000000)
 Metaspace       used 7558K, capacity 7836K, committed 8064K, reserved 1056768K
  class space    used 924K, capacity 1036K, committed 1152K, reserved 1048576K
}
Event: 2.145 GC heap before
{Heap before GC invocations=2 (full 0):
 PSYoungGen      total 57344K, used 53867K [0x00000000d5580000, 0x00000000d9580000, 0x0000000100000000)
  eden space 49152K, 100% used [0x00000000d5580000,0x00000000d8580000,0x00000000d8580000)
  from space 8192K, 57% used [0x00000000d8580000,0x00000000d8a1ae58,0x00000000d8d80000)
  to   space 8192K, 0% used [0x00000000d8d80000,0x00000000d8d80000,0x00000000d9580000)
 ParOldGen       total 131072K, used 16K [0x0000000080000000, 0x0000000088000000, 0x00000000d5580000)
  object space 131072K, 0% used [0x0000000080000000,0x0000000080004000,0x0000000088000000)
 Metaspace       used 11978K, capacity 12336K, committed 12544K, reserved 1060864K
  class space    used 1585K, capacity 1702K, committed 1792K, reserved 1048576K
Event: 2.154 GC heap after
Heap after GC invocations=2 (full 0):
 PSYoungGen      total 57344K, used 6653K [0x00000000d5580000, 0x00000000d9580000, 0x0000000100000000)
  eden space 49152K, 0% used [0x00000000d5580000,0x00000000d5580000,0x00000000d8580000)
  from space 8192K, 81% used [0x00000000d8d80000,0x00000000d93ff760,0x00000000d9580000)
  to   space 8192K, 0% used [0x00000000d8580000,0x00000000d8580000,0x00000000d8d80000)
 ParOldGen       total 131072K, used 24K [0x0000000080000000, 0x0000000088000000, 0x00000000d5580000)
  object space 131072K, 0% used [0x0000000080000000,0x0000000080006000,0x0000000088000000)
 Metaspace       used 11978K, capacity 12336K, committed 12544K, reserved 1060864K
  class space    used 1585K, capacity 1702K, committed 1792K, reserved 1048576K
}

Deoptimization events (10 events):
Event: 1.652 Thread 0x000000000319e800 Uncommon trap: reason=unstable_if action=reinterpret pc=0x00000000035d10f8 method=java.io.WinNTFileSystem.normalize(Ljava/lang/String;)Ljava/lang/String; @ 128
Event: 2.098 Thread 0x000000001b9fb000 Uncommon trap: reason=unstable_if action=reinterpret pc=0x00000000036a6368 method=java.util.concurrent.ConcurrentHashMap.putVal(Ljava/lang/Object;Ljava/lang/Object;Z)Ljava/lang/Object; @ 206
Event: 2.117 Thread 0x000000001b9fb000 Uncommon trap: reason=unstable_if action=reinterpret pc=0x00000000035beed4 method=java.lang.String.substring(I)Ljava/lang/String; @ 35
Event: 2.186 Thread 0x000000001a095800 Uncommon trap: reason=bimorphic action=maybe_recompile pc=0x00000000035b5cec method=java.util.HashMap.putVal(ILjava/lang/Object;Ljava/lang/Object;ZZ)Ljava/lang/Object; @ 253
Event: 2.187 Thread 0x000000001a095800 Uncommon trap: reason=bimorphic action=maybe_recompile pc=0x00000000035b5cec method=java.util.HashMap.putVal(ILjava/lang/Object;Ljava/lang/Object;ZZ)Ljava/lang/Object; @ 253
Event: 2.187 Thread 0x000000001a095800 Uncommon trap: reason=bimorphic action=maybe_recompile pc=0x00000000035b5cec method=java.util.HashMap.putVal(ILjava/lang/Object;Ljava/lang/Object;ZZ)Ljava/lang/Object; @ 253
Event: 2.393 Thread 0x000000001a095800 Uncommon trap: reason=class_check action=maybe_recompile pc=0x00000000035c4898 method=java.util.regex.Matcher.match(II)Z @ 86
Event: 2.407 Thread 0x000000001a095800 Uncommon trap: reason=class_check action=maybe_recompile pc=0x00000000035c4898 method=java.util.regex.Matcher.match(II)Z @ 86
Event: 2.407 Thread 0x000000001a095800 Uncommon trap: reason=class_check action=maybe_recompile pc=0x00000000035c4898 method=java.util.regex.Matcher.match(II)Z @ 86
Event: 2.407 Thread 0x000000001a095800 Uncommon trap: reason=class_check action=maybe_recompile pc=0x000000000345b59c method=java.util.regex.Matcher.match(II)Z @ 86

Classes redefined (0 events):
No events

Internal exceptions (10 events):
Event: 2.104 Thread 0x000000001b9fb000 Exception <a 'java/lang/NoSuchMethodError': <clinit>> (0x00000000d8402aa0) thrown at [C:\src\AOSP-openjdk-git\hotspot\src\share\vm\prims\jni.cpp, line 1615]
Event: 2.107 Thread 0x000000001b9fb000 Exception <a 'java/lang/NoSuchMethodError': <clinit>> (0x00000000d84154d8) thrown at [C:\src\AOSP-openjdk-git\hotspot\src\share\vm\prims\jni.cpp, line 1615]
Event: 2.111 Thread 0x000000001b9fb000 Exception <a 'java/lang/NoSuchMethodError': <clinit>> (0x00000000d843c238) thrown at [C:\src\AOSP-openjdk-git\hotspot\src\share\vm\prims\jni.cpp, line 1615]
Event: 2.113 Thread 0x000000001b9fb000 Exception <a 'java/lang/NoSuchMethodError': <clinit>> (0x00000000d8453e50) thrown at [C:\src\AOSP-openjdk-git\hotspot\src\share\vm\prims\jni.cpp, line 1615]
Event: 2.114 Thread 0x000000001b9fb000 Exception <a 'java/lang/NoSuchMethodError': <clinit>> (0x00000000d845c9f0) thrown at [C:\src\AOSP-openjdk-git\hotspot\src\share\vm\prims\jni.cpp, line 1615]
Event: 2.115 Thread 0x000000001b9fb000 Exception <a 'java/lang/NoSuchMethodError': <clinit>> (0x00000000d8472d90) thrown at [C:\src\AOSP-openjdk-git\hotspot\src\share\vm\prims\jni.cpp, line 1615]
Event: 2.123 Thread 0x000000001b9fb000 Exception <a 'java/lang/NoSuchMethodError': <clinit>> (0x00000000d84cd548) thrown at [C:\src\AOSP-openjdk-git\hotspot\src\share\vm\prims\jni.cpp, line 1615]
Event: 2.127 Thread 0x000000001b9fb000 Exception <a 'java/lang/NoSuchMethodError': <clinit>> (0x00000000d84f9ee8) thrown at [C:\src\AOSP-openjdk-git\hotspot\src\share\vm\prims\jni.cpp, line 1615]
Event: 2.131 Thread 0x000000001b9fb000 Exception <a 'java/lang/NoSuchMethodError': <clinit>> (0x00000000d85270a0) thrown at [C:\src\AOSP-openjdk-git\hotspot\src\share\vm\prims\jni.cpp, line 1615]
Event: 2.136 Thread 0x000000001b9fb000 Exception <a 'java/lang/NoSuchMethodError': <clinit>> (0x00000000d85321b0) thrown at [C:\src\AOSP-openjdk-git\hotspot\src\share\vm\prims\jni.cpp, line 1615]

Events (10 events):
Event: 2.487 loading class org/gradle/internal/hash/Hashing$CloningMessageDigestHashFunction
Event: 2.487 loading class org/gradle/internal/hash/Hashing$CloningMessageDigestHashFunction done
Event: 2.487 loading class org/gradle/internal/hash/Hashing$RegularMessageDigestHashFunction
Event: 2.487 loading class org/gradle/internal/hash/Hashing$RegularMessageDigestHashFunction done
Event: 2.487 loading class org/gradle/internal/hash/PrimitiveHasher
Event: 2.487 loading class org/gradle/internal/hash/PrimitiveHasher done
Event: 2.488 loading class org/gradle/internal/hash/Hasher
Event: 2.488 loading class org/gradle/internal/hash/Hasher done
Event: 2.489 loading class sun/security/provider/MD5
Event: 2.489 loading class sun/security/provider/MD5 done


Dynamic libraries:
0x00007ff78b610000 - 0x00007ff78b641000 	C:\Program Files\Android\Android Studio\jre\bin\java.exe
0x00007ffbc8750000 - 0x00007ffbc8946000 	C:\Windows\SYSTEM32\ntdll.dll
0x00007ffbc85a0000 - 0x00007ffbc865d000 	C:\Windows\System32\KERNEL32.DLL
0x00007ffbc6160000 - 0x00007ffbc6429000 	C:\Windows\System32\KERNELBASE.dll
0x00007ffbc7080000 - 0x00007ffbc712c000 	C:\Windows\System32\ADVAPI32.dll
0x00007ffbc84d0000 - 0x00007ffbc856e000 	C:\Windows\System32\msvcrt.dll
0x00007ffbc7280000 - 0x00007ffbc731c000 	C:\Windows\System32\sechost.dll
0x00007ffbc6d50000 - 0x00007ffbc6e7b000 	C:\Windows\System32\RPCRT4.dll
0x00007ffbc7460000 - 0x00007ffbc7600000 	C:\Windows\System32\USER32.dll
0x00007ffbc6590000 - 0x00007ffbc65b2000 	C:\Windows\System32\win32u.dll
0x00007ffbc7610000 - 0x00007ffbc763a000 	C:\Windows\System32\GDI32.dll
0x00007ffbc6670000 - 0x00007ffbc677b000 	C:\Windows\System32\gdi32full.dll
0x00007ffbc5f10000 - 0x00007ffbc5fad000 	C:\Windows\System32\msvcp_win.dll
0x00007ffbc5fb0000 - 0x00007ffbc60b0000 	C:\Windows\System32\ucrtbase.dll
0x00007ffbb3690000 - 0x00007ffbb392b000 	C:\Windows\WinSxS\amd64_microsoft.windows.common-controls_6595b64144ccf1df_6.0.19041.746_none_ca02b4b61b8320a4\COMCTL32.dll
0x00007ffbc7250000 - 0x00007ffbc7280000 	C:\Windows\System32\IMM32.DLL
0x0000000055700000 - 0x00000000557d2000 	C:\Program Files\Android\Android Studio\jre\jre\bin\msvcr100.dll
0x0000000053a90000 - 0x00000000542db000 	C:\Program Files\Android\Android Studio\jre\jre\bin\server\jvm.dll
0x00007ffbc8590000 - 0x00007ffbc8598000 	C:\Windows\System32\PSAPI.DLL
0x00007ffbc0640000 - 0x00007ffbc064a000 	C:\Windows\SYSTEM32\VERSION.dll
0x00007ffbb65f0000 - 0x00007ffbb6617000 	C:\Windows\SYSTEM32\WINMM.dll
0x00007ffbc1100000 - 0x00007ffbc1109000 	C:\Windows\SYSTEM32\WSOCK32.dll
0x00007ffbc6e80000 - 0x00007ffbc6eeb000 	C:\Windows\System32\WS2_32.dll
0x00007ffbb64b0000 - 0x00007ffbb64bf000 	C:\Program Files\Android\Android Studio\jre\jre\bin\verify.dll
0x00007ffb980e0000 - 0x00007ffb98109000 	C:\Program Files\Android\Android Studio\jre\jre\bin\java.dll
0x00007ffbb0c40000 - 0x00007ffbb0c56000 	C:\Program Files\Android\Android Studio\jre\jre\bin\zip.dll
0x00007ffbc7ab0000 - 0x00007ffbc81f3000 	C:\Windows\System32\SHELL32.dll
0x00007ffbc3ff0000 - 0x00007ffbc477f000 	C:\Windows\SYSTEM32\windows.storage.dll
0x00007ffbc6960000 - 0x00007ffbc6cb6000 	C:\Windows\System32\combase.dll
0x00007ffbc58f0000 - 0x00007ffbc591c000 	C:\Windows\SYSTEM32\Wldp.dll
0x00007ffbc7330000 - 0x00007ffbc73de000 	C:\Windows\System32\SHCORE.dll
0x00007ffbc8470000 - 0x00007ffbc84c5000 	C:\Windows\System32\shlwapi.dll
0x00007ffbc5dc0000 - 0x00007ffbc5de6000 	C:\Windows\SYSTEM32\profapi.dll
0x00007ffba3c10000 - 0x00007ffba3c2a000 	C:\Program Files\Android\Android Studio\jre\jre\bin\net.dll
0x00007ffbc5670000 - 0x00007ffbc56da000 	C:\Windows\system32\mswsock.dll
0x00007ffb92e40000 - 0x00007ffb92e53000 	C:\Program Files\Android\Android Studio\jre\jre\bin\nio.dll
0x00007ffb98050000 - 0x00007ffb98076000 	C:\Users\infod\.gradle\native\31\windows-amd64\native-platform.dll
0x00007ffbb5880000 - 0x00007ffbb588d000 	C:\Program Files\Android\Android Studio\jre\jre\bin\management.dll
0x00007ffbc5850000 - 0x00007ffbc5868000 	C:\Windows\SYSTEM32\CRYPTSP.dll
0x00007ffbc4fa0000 - 0x00007ffbc4fd4000 	C:\Windows\system32\rsaenh.dll
0x00007ffbc6780000 - 0x00007ffbc67a7000 	C:\Windows\System32\bcrypt.dll
0x00007ffbc5d80000 - 0x00007ffbc5dae000 	C:\Windows\SYSTEM32\USERENV.dll
0x00007ffbc5e90000 - 0x00007ffbc5f10000 	C:\Windows\System32\bcryptprimitives.dll
0x00007ffbc5840000 - 0x00007ffbc584c000 	C:\Windows\SYSTEM32\CRYPTBASE.dll
0x00007ffbc5310000 - 0x00007ffbc534b000 	C:\Windows\SYSTEM32\IPHLPAPI.DLL
0x00007ffbc7320000 - 0x00007ffbc7328000 	C:\Windows\System32\NSI.dll
0x00007ffbbe830000 - 0x00007ffbbe847000 	C:\Windows\SYSTEM32\dhcpcsvc6.DLL
0x00007ffbbfb00000 - 0x00007ffbbfb1d000 	C:\Windows\SYSTEM32\dhcpcsvc.DLL
0x00007ffbc5360000 - 0x00007ffbc542b000 	C:\Windows\SYSTEM32\DNSAPI.dll

VM Arguments:
jvm_args: -Xmx2048m -Dfile.encoding=windows-1252 -Duser.country=ES -Duser.language=es -Duser.variant 
java_command: org.gradle.launcher.daemon.bootstrap.GradleDaemon 6.1.1
java_class_path (initial): C:\Users\infod\.gradle\wrapper\dists\gradle-6.1.1-all\cfmwm155h49vnt3hynmlrsdst\gradle-6.1.1\lib\gradle-launcher-6.1.1.jar
Launcher Type: SUN_STANDARD

Environment Variables:
JAVA_HOME=C:\Program Files (x86)\Java\jdk1.8.0_111
PATH=C:\Program Files (x86)\Common Files\Intel\Shared Libraries\redist\intel64\compiler;C:\Program Files (x86)\Common Files\Oracle\Java\javapath;C:\ProgramData\Oracle\Java\javapath;C:\Program Files\nodejs\;C:\wamp64\bin\php\php7.3.21;C:\Windows\system32;C:\Windows;C:\Windows\System32\Wbem;C:\Windows\System32\WindowsPowerShell\v1.0\;C:\Windows\System32\OpenSSH\;C:\Program Files\Git\cmd;C:\Program Files (x86)\Java\jdk1.8.0_111\bin;;C:\Program Files (x86)\NVIDIA Corporation\PhysX\Common;C:\Program Files\NVIDIA Corporation\NVIDIA NvDLISR;C:\Users\infod\AppData\Local\Microsoft\WindowsApps;C:\Users\infod\AppData\Local\Programs\Microsoft VS Code\bin;C:\Users\infod\AppData\Roaming\npm;C:\Users\infod\AppData\Local\atom\bin;C:\src\flutter\bin;
USERNAME=infod
OS=Windows_NT
PROCESSOR_IDENTIFIER=Intel64 Family 6 Model 78 Stepping 3, GenuineIntel



---------------  S Y S T E M  ---------------

OS: Windows 10.0 , 64 bit Build 19041 (10.0.19041.662)

CPU:total 4 (initial active 4) (2 cores per cpu, 2 threads per core) family 6 model 78 stepping 3, cmov, cx8, fxsr, mmx, sse, sse2, sse3, ssse3, sse4.1, sse4.2, popcnt, avx, avx2, aes, clmul, erms, 3dnowpref, lzcnt, ht, tsc, tscinvbit, bmi1, bmi2, adx

Memory: 4k page, physical 12486560k(1924960k free), swap 12486560k(5528k free)

vm_info: OpenJDK 64-Bit Server VM (25.242-b01) for windows-amd64 JRE (1.8.0_242-release-1644-b01), built by "builder" with MS VC++ 10.0 (VS2010)

time: Tue Jan 26 12:10:20 2021
timezone: Hora estándar romance
elapsed time: 2 seconds (0d 0h 0m 2s)

